15:15:55 INFO  application.ApplicationManager - Start in browser CHROME
15:15:56 INFO  TestBase - Start test addContactTestBase
15:15:56 INFO  application.MyListener - Start finde element by --> By.xpath: //button[.='Sign Out']
15:15:59 INFO  application.MyListener - The element By.xpath: //button[.='Sign Out'] was found
15:15:59 INFO  application.MyListener - Start finde element by --> By.xpath: //*[.='LOGIN']
15:15:59 INFO  application.MyListener - The element By.xpath: //*[.='LOGIN'] was found
15:15:59 INFO  application.MyListener - Start finde element by --> By.xpath: //input[@placeholder='Email']
15:15:59 INFO  application.MyListener - The element By.xpath: //input[@placeholder='Email'] was found
15:15:59 INFO  application.MyListener - Start finde element by --> By.xpath: //input[@placeholder='Email']
15:15:59 INFO  application.MyListener - The element By.xpath: //input[@placeholder='Email'] was found
15:15:59 INFO  application.MyListener - Start finde element by --> By.xpath: //input[@placeholder='Password']
15:15:59 INFO  application.MyListener - The element By.xpath: //input[@placeholder='Password'] was found
15:15:59 INFO  application.MyListener - Start finde element by --> By.xpath: //input[@placeholder='Password']
15:15:59 INFO  application.MyListener - The element By.xpath: //input[@placeholder='Password'] was found
15:15:59 INFO  application.MyListener - Start finde element by --> By.xpath: //button[text()=' Login']
15:15:59 INFO  application.MyListener - The element By.xpath: //button[text()=' Login'] was found
15:16:00 INFO  application.MyListener - Start finde element by --> By.xpath: //a[.='ADD']
15:16:00 INFO  application.MyListener - The element By.xpath: //a[.='ADD'] was found
15:16:00 INFO  application.MyListener - Start finde element by --> By.cssSelector: [placeholder='Name']
15:16:00 INFO  application.MyListener - The element By.cssSelector: [placeholder='Name'] was found
15:16:00 INFO  application.MyListener - Start finde element by --> By.cssSelector: [placeholder='Name']
15:16:00 INFO  application.MyListener - The element By.cssSelector: [placeholder='Name'] was found
15:16:00 INFO  application.MyListener - Start finde element by --> By.cssSelector: [placeholder='Last Name']
15:16:00 INFO  application.MyListener - The element By.cssSelector: [placeholder='Last Name'] was found
15:16:00 INFO  application.MyListener - Start finde element by --> By.cssSelector: [placeholder='Last Name']
15:16:00 INFO  application.MyListener - The element By.cssSelector: [placeholder='Last Name'] was found
15:16:00 INFO  application.MyListener - Start finde element by --> By.cssSelector: [placeholder='Phone']
15:16:00 INFO  application.MyListener - The element By.cssSelector: [placeholder='Phone'] was found
15:16:00 INFO  application.MyListener - Start finde element by --> By.cssSelector: [placeholder='Phone']
15:16:00 INFO  application.MyListener - The element By.cssSelector: [placeholder='Phone'] was found
15:16:00 INFO  application.MyListener - Start finde element by --> By.cssSelector: [placeholder='email']
15:16:00 INFO  application.MyListener - The element By.cssSelector: [placeholder='email'] was found
15:16:00 INFO  application.MyListener - Start finde element by --> By.cssSelector: [placeholder='email']
15:16:01 INFO  application.MyListener - The element By.cssSelector: [placeholder='email'] was found
15:16:01 INFO  application.MyListener - Start finde element by --> By.cssSelector: [placeholder='Address']
15:16:01 INFO  application.MyListener - The element By.cssSelector: [placeholder='Address'] was found
15:16:01 INFO  application.MyListener - Start finde element by --> By.cssSelector: [placeholder='Address']
15:16:01 INFO  application.MyListener - The element By.cssSelector: [placeholder='Address'] was found
15:16:01 INFO  application.MyListener - Start finde element by --> By.cssSelector: [placeholder='description']
15:16:01 INFO  application.MyListener - The element By.cssSelector: [placeholder='description'] was found
15:16:01 INFO  application.MyListener - Start finde element by --> By.cssSelector: [placeholder='description']
15:16:01 INFO  application.MyListener - The element By.cssSelector: [placeholder='description'] was found
15:16:01 INFO  application.MyListener - Start finde element by --> By.xpath: //button/b
15:16:01 INFO  application.MyListener - The element By.xpath: //button/b was found
15:16:01 INFO  TestBase - End of test addContactTestBase
15:16:01 INFO  TestBase - Start test addContactTestBase
15:16:01 INFO  application.MyListener - Start finde element by --> By.xpath: //button[.='Sign Out']
15:16:01 INFO  application.MyListener - The element By.xpath: //button[.='Sign Out'] was found
15:16:01 INFO  application.MyListener - Start finde element by --> By.xpath: //a[.='ADD']
15:16:01 INFO  application.MyListener - The element By.xpath: //a[.='ADD'] was found
15:16:01 INFO  application.MyListener - Start finde element by --> By.cssSelector: [placeholder='Name']
15:16:01 INFO  application.MyListener - The element By.cssSelector: [placeholder='Name'] was found
15:16:01 INFO  application.MyListener - Start finde element by --> By.cssSelector: [placeholder='Name']
15:16:01 INFO  application.MyListener - The element By.cssSelector: [placeholder='Name'] was found
15:16:01 INFO  application.MyListener - Screen--> src/test/screenshots/screen-961.png
15:16:01 INFO  application.MyListener - element not interactable
  (Session info: chrome=92.0.4515.131)
Build info: version: '3.141.59', revision: 'e82be7d358', time: '2018-11-14T08:17:03'
System info: host: 'LAPTOP-A9FORBB3', ip: '10.0.0.27', os.name: 'Windows 10', os.arch: 'amd64', os.version: '10.0', java.version: '11.0.12'
Driver info: org.openqa.selenium.chrome.ChromeDriver
Capabilities {acceptInsecureCerts: false, browserName: chrome, browserVersion: 92.0.4515.131, chrome: {chromedriverVersion: 91.0.4472.101 (af52a90bf870..., userDataDir: C:\Users\fridm\AppData\Loca...}, goog:chromeOptions: {debuggerAddress: localhost:49183}, javascriptEnabled: true, networkConnectionEnabled: false, pageLoadStrategy: normal, platform: WINDOWS, platformName: WINDOWS, proxy: Proxy(), setWindowRect: true, strictFileInteractability: false, timeouts: {implicit: 0, pageLoad: 300000, script: 30000}, unhandledPromptBehavior: dismiss and notify, webauthn:extension:largeBlob: true, webauthn:virtualAuthenticators: true}
Session ID: 5ba1f6374842457f2bf085b146948db8
15:16:01 INFO  TestBase - End of test addContactTestBase
15:16:01 INFO  TestBase - Start test addContactTestBase
15:16:01 INFO  application.MyListener - Start finde element by --> By.xpath: //button[.='Sign Out']
15:16:01 INFO  application.MyListener - The element By.xpath: //button[.='Sign Out'] was found
15:16:01 INFO  application.MyListener - Start finde element by --> By.xpath: //a[.='ADD']
15:16:01 INFO  application.MyListener - The element By.xpath: //a[.='ADD'] was found
15:16:01 INFO  application.MyListener - Start finde element by --> By.cssSelector: [placeholder='Name']
15:16:01 INFO  application.MyListener - The element By.cssSelector: [placeholder='Name'] was found
15:16:01 INFO  application.MyListener - Start finde element by --> By.cssSelector: [placeholder='Name']
15:16:02 INFO  application.MyListener - The element By.cssSelector: [placeholder='Name'] was found
15:16:02 INFO  application.MyListener - Start finde element by --> By.cssSelector: [placeholder='Last Name']
15:16:02 INFO  application.MyListener - The element By.cssSelector: [placeholder='Last Name'] was found
15:16:02 INFO  application.MyListener - Start finde element by --> By.cssSelector: [placeholder='Last Name']
15:16:02 INFO  application.MyListener - The element By.cssSelector: [placeholder='Last Name'] was found
15:16:02 INFO  application.MyListener - Start finde element by --> By.cssSelector: [placeholder='Phone']
15:16:02 INFO  application.MyListener - The element By.cssSelector: [placeholder='Phone'] was found
15:16:02 INFO  application.MyListener - Start finde element by --> By.cssSelector: [placeholder='Phone']
15:16:02 INFO  application.MyListener - The element By.cssSelector: [placeholder='Phone'] was found
15:16:02 INFO  application.MyListener - Start finde element by --> By.cssSelector: [placeholder='email']
15:16:02 INFO  application.MyListener - The element By.cssSelector: [placeholder='email'] was found
15:16:02 INFO  application.MyListener - Start finde element by --> By.cssSelector: [placeholder='email']
15:16:02 INFO  application.MyListener - The element By.cssSelector: [placeholder='email'] was found
15:16:02 INFO  application.MyListener - Start finde element by --> By.cssSelector: [placeholder='Address']
15:16:02 INFO  application.MyListener - The element By.cssSelector: [placeholder='Address'] was found
15:16:02 INFO  application.MyListener - Start finde element by --> By.cssSelector: [placeholder='Address']
15:16:02 INFO  application.MyListener - The element By.cssSelector: [placeholder='Address'] was found
15:16:02 INFO  application.MyListener - Start finde element by --> By.cssSelector: [placeholder='description']
15:16:02 INFO  application.MyListener - The element By.cssSelector: [placeholder='description'] was found
15:16:02 INFO  application.MyListener - Start finde element by --> By.cssSelector: [placeholder='description']
15:16:02 INFO  application.MyListener - The element By.cssSelector: [placeholder='description'] was found
15:16:02 INFO  application.MyListener - Start finde element by --> By.xpath: //button/b
15:16:02 INFO  application.MyListener - The element By.xpath: //button/b was found
15:16:02 INFO  TestBase - End of test addContactTestBase
