18:13:00 INFO  application.ApplicationManager - Start in browser CHROME
18:13:01 INFO  TestBase - Start test addContactTest
18:13:01 INFO  TestBase - Test start with data: [erty, erty, 3456, dghhgf, dfghgfh, dgfhfgh]
18:13:01 INFO  TestBase - =================================================================================
18:13:01 INFO  application.MyListener - Start finde element by --> By.xpath: //button[.='Sign Out']
18:13:04 INFO  application.MyListener - The element By.xpath: //button[.='Sign Out'] was found
18:13:04 INFO  application.MyListener - Start finde element by --> By.xpath: //*[.='LOGIN']
18:13:04 INFO  application.MyListener - The element By.xpath: //*[.='LOGIN'] was found
18:13:04 INFO  application.MyListener - Start finde element by --> By.xpath: //input[@placeholder='Email']
18:13:05 INFO  application.MyListener - The element By.xpath: //input[@placeholder='Email'] was found
18:13:05 INFO  application.MyListener - Start finde element by --> By.xpath: //input[@placeholder='Email']
18:13:05 INFO  application.MyListener - The element By.xpath: //input[@placeholder='Email'] was found
18:13:05 INFO  application.MyListener - Start finde element by --> By.xpath: //input[@placeholder='Password']
18:13:05 INFO  application.MyListener - The element By.xpath: //input[@placeholder='Password'] was found
18:13:05 INFO  application.MyListener - Start finde element by --> By.xpath: //input[@placeholder='Password']
18:13:05 INFO  application.MyListener - The element By.xpath: //input[@placeholder='Password'] was found
18:13:05 INFO  application.MyListener - Start finde element by --> By.xpath: //button[text()=' Login']
18:13:05 INFO  application.MyListener - The element By.xpath: //button[text()=' Login'] was found
18:13:06 INFO  application.MyListener - Start finde element by --> By.xpath: //a[.='ADD']
18:13:06 INFO  application.MyListener - The element By.xpath: //a[.='ADD'] was found
18:13:06 INFO  application.MyListener - Start finde element by --> By.cssSelector: [placeholder='Name']
18:13:06 INFO  application.MyListener - The element By.cssSelector: [placeholder='Name'] was found
18:13:06 INFO  application.MyListener - Start finde element by --> By.cssSelector: [placeholder='Name']
18:13:06 INFO  application.MyListener - The element By.cssSelector: [placeholder='Name'] was found
18:13:06 INFO  application.MyListener - Start finde element by --> By.cssSelector: [placeholder='Last Name']
18:13:06 INFO  application.MyListener - The element By.cssSelector: [placeholder='Last Name'] was found
18:13:06 INFO  application.MyListener - Start finde element by --> By.cssSelector: [placeholder='Last Name']
18:13:07 INFO  application.MyListener - The element By.cssSelector: [placeholder='Last Name'] was found
18:13:07 INFO  application.MyListener - Start finde element by --> By.cssSelector: [placeholder='Phone']
18:13:07 INFO  application.MyListener - The element By.cssSelector: [placeholder='Phone'] was found
18:13:07 INFO  application.MyListener - Start finde element by --> By.cssSelector: [placeholder='Phone']
18:13:07 INFO  application.MyListener - The element By.cssSelector: [placeholder='Phone'] was found
18:13:07 INFO  application.MyListener - Start finde element by --> By.cssSelector: [placeholder='email']
18:13:07 INFO  application.MyListener - The element By.cssSelector: [placeholder='email'] was found
18:13:07 INFO  application.MyListener - Start finde element by --> By.cssSelector: [placeholder='email']
18:13:07 INFO  application.MyListener - The element By.cssSelector: [placeholder='email'] was found
18:13:07 INFO  application.MyListener - Start finde element by --> By.cssSelector: [placeholder='Address']
18:13:07 INFO  application.MyListener - The element By.cssSelector: [placeholder='Address'] was found
18:13:07 INFO  application.MyListener - Start finde element by --> By.cssSelector: [placeholder='Address']
18:13:07 INFO  application.MyListener - The element By.cssSelector: [placeholder='Address'] was found
18:13:07 INFO  application.MyListener - Start finde element by --> By.cssSelector: [placeholder='description']
18:13:07 INFO  application.MyListener - The element By.cssSelector: [placeholder='description'] was found
18:13:07 INFO  application.MyListener - Start finde element by --> By.cssSelector: [placeholder='description']
18:13:07 INFO  application.MyListener - The element By.cssSelector: [placeholder='description'] was found
18:13:08 INFO  application.MyListener - Start finde element by --> By.xpath: //button/b
18:13:08 INFO  application.MyListener - The element By.xpath: //button/b was found
18:13:08 INFO  application.MyListener - Start finde element by --> By.cssSelector: div[class^='contact-page']
18:13:08 INFO  application.MyListener - The element By.cssSelector: div[class^='contact-page'] was found
18:13:08 INFO  application.MyListener - Start finde element by --> By.xpath: //h3
18:13:08 INFO  application.MyListener - The element By.xpath: //h3 was found
18:13:08 INFO  TestBase - End of test addContactTest
18:13:08 INFO  TestBase - Start test addContactTest
18:13:08 INFO  TestBase - Test start with data: [ertyasdf, asdfasdf, 3452346, dghasdfhgf, dfghasdfgfh, dgfdfghfgh]
18:13:08 INFO  TestBase - =================================================================================
18:13:08 INFO  application.MyListener - Start finde element by --> By.xpath: //button[.='Sign Out']
18:13:08 INFO  application.MyListener - The element By.xpath: //button[.='Sign Out'] was found
18:13:08 INFO  application.MyListener - Start finde element by --> By.xpath: //a[.='ADD']
18:13:08 INFO  application.MyListener - The element By.xpath: //a[.='ADD'] was found
18:13:09 INFO  application.MyListener - Start finde element by --> By.cssSelector: [placeholder='Name']
18:13:09 INFO  application.MyListener - The element By.cssSelector: [placeholder='Name'] was found
18:13:09 INFO  application.MyListener - Start finde element by --> By.cssSelector: [placeholder='Name']
18:13:09 INFO  application.MyListener - The element By.cssSelector: [placeholder='Name'] was found
18:13:09 INFO  application.MyListener - Start finde element by --> By.cssSelector: [placeholder='Last Name']
18:13:09 INFO  application.MyListener - The element By.cssSelector: [placeholder='Last Name'] was found
18:13:09 INFO  application.MyListener - Start finde element by --> By.cssSelector: [placeholder='Last Name']
18:13:09 INFO  application.MyListener - The element By.cssSelector: [placeholder='Last Name'] was found
18:13:09 INFO  application.MyListener - Start finde element by --> By.cssSelector: [placeholder='Phone']
18:13:09 INFO  application.MyListener - The element By.cssSelector: [placeholder='Phone'] was found
18:13:09 INFO  application.MyListener - Start finde element by --> By.cssSelector: [placeholder='Phone']
18:13:09 INFO  application.MyListener - The element By.cssSelector: [placeholder='Phone'] was found
18:13:09 INFO  application.MyListener - Start finde element by --> By.cssSelector: [placeholder='email']
18:13:09 INFO  application.MyListener - The element By.cssSelector: [placeholder='email'] was found
18:13:09 INFO  application.MyListener - Start finde element by --> By.cssSelector: [placeholder='email']
18:13:09 INFO  application.MyListener - The element By.cssSelector: [placeholder='email'] was found
18:13:09 INFO  application.MyListener - Start finde element by --> By.cssSelector: [placeholder='Address']
18:13:09 INFO  application.MyListener - The element By.cssSelector: [placeholder='Address'] was found
18:13:09 INFO  application.MyListener - Start finde element by --> By.cssSelector: [placeholder='Address']
18:13:09 INFO  application.MyListener - The element By.cssSelector: [placeholder='Address'] was found
18:13:10 INFO  application.MyListener - Start finde element by --> By.cssSelector: [placeholder='description']
18:13:10 INFO  application.MyListener - The element By.cssSelector: [placeholder='description'] was found
18:13:10 INFO  application.MyListener - Start finde element by --> By.cssSelector: [placeholder='description']
18:13:10 INFO  application.MyListener - The element By.cssSelector: [placeholder='description'] was found
18:13:10 INFO  application.MyListener - Start finde element by --> By.xpath: //button/b
18:13:10 INFO  application.MyListener - The element By.xpath: //button/b was found
18:13:10 INFO  application.MyListener - Start finde element by --> By.cssSelector: div[class^='contact-page']
18:13:10 INFO  application.MyListener - The element By.cssSelector: div[class^='contact-page'] was found
18:13:10 INFO  application.MyListener - Start finde element by --> By.xpath: //h3
18:13:10 INFO  application.MyListener - The element By.xpath: //h3 was found
18:13:10 INFO  TestBase - End of test addContactTest
18:13:10 INFO  TestBase - Start test addContactTest
18:13:10 INFO  TestBase - Test start with data: [ertrgherty, eghfdgh, 345236, ghfnb, yuoiui, dgfhftyutyugh]
18:13:10 INFO  TestBase - =================================================================================
18:13:10 INFO  application.MyListener - Start finde element by --> By.xpath: //button[.='Sign Out']
18:13:11 INFO  application.MyListener - The element By.xpath: //button[.='Sign Out'] was found
18:13:11 INFO  application.MyListener - Start finde element by --> By.xpath: //a[.='ADD']
18:13:11 INFO  application.MyListener - The element By.xpath: //a[.='ADD'] was found
18:13:11 INFO  application.MyListener - Start finde element by --> By.cssSelector: [placeholder='Name']
18:13:11 INFO  application.MyListener - The element By.cssSelector: [placeholder='Name'] was found
18:13:11 INFO  application.MyListener - Start finde element by --> By.cssSelector: [placeholder='Name']
18:13:11 INFO  application.MyListener - The element By.cssSelector: [placeholder='Name'] was found
18:13:11 INFO  application.MyListener - Start finde element by --> By.cssSelector: [placeholder='Last Name']
18:13:11 INFO  application.MyListener - The element By.cssSelector: [placeholder='Last Name'] was found
18:13:11 INFO  application.MyListener - Start finde element by --> By.cssSelector: [placeholder='Last Name']
18:13:11 INFO  application.MyListener - The element By.cssSelector: [placeholder='Last Name'] was found
18:13:11 INFO  application.MyListener - Start finde element by --> By.cssSelector: [placeholder='Phone']
18:13:11 INFO  application.MyListener - The element By.cssSelector: [placeholder='Phone'] was found
18:13:11 INFO  application.MyListener - Start finde element by --> By.cssSelector: [placeholder='Phone']
18:13:11 INFO  application.MyListener - The element By.cssSelector: [placeholder='Phone'] was found
18:13:11 INFO  application.MyListener - Start finde element by --> By.cssSelector: [placeholder='email']
18:13:11 INFO  application.MyListener - The element By.cssSelector: [placeholder='email'] was found
18:13:11 INFO  application.MyListener - Start finde element by --> By.cssSelector: [placeholder='email']
18:13:11 INFO  application.MyListener - The element By.cssSelector: [placeholder='email'] was found
18:13:11 INFO  application.MyListener - Start finde element by --> By.cssSelector: [placeholder='Address']
18:13:11 INFO  application.MyListener - The element By.cssSelector: [placeholder='Address'] was found
18:13:11 INFO  application.MyListener - Start finde element by --> By.cssSelector: [placeholder='Address']
18:13:11 INFO  application.MyListener - The element By.cssSelector: [placeholder='Address'] was found
18:13:12 INFO  application.MyListener - Start finde element by --> By.cssSelector: [placeholder='description']
18:13:12 INFO  application.MyListener - The element By.cssSelector: [placeholder='description'] was found
18:13:12 INFO  application.MyListener - Start finde element by --> By.cssSelector: [placeholder='description']
18:13:12 INFO  application.MyListener - The element By.cssSelector: [placeholder='description'] was found
18:13:12 INFO  application.MyListener - Start finde element by --> By.xpath: //button/b
18:13:12 INFO  application.MyListener - The element By.xpath: //button/b was found
18:13:12 INFO  application.MyListener - Start finde element by --> By.cssSelector: div[class^='contact-page']
18:13:12 INFO  application.MyListener - The element By.cssSelector: div[class^='contact-page'] was found
18:13:12 INFO  application.MyListener - Start finde element by --> By.xpath: //h3
18:13:12 INFO  application.MyListener - The element By.xpath: //h3 was found
18:13:13 INFO  TestBase - End of test addContactTest
18:13:13 INFO  TestBase - Start test addContactTest
18:13:13 INFO  TestBase - Test start with data: [cxvb, tryjtrj, 6789, dghsdghsgdhgf, dfghggfhdfghfh, dgfdfghdfhfgh]
18:13:13 INFO  TestBase - =================================================================================
18:13:13 INFO  application.MyListener - Start finde element by --> By.xpath: //button[.='Sign Out']
18:13:13 INFO  application.MyListener - The element By.xpath: //button[.='Sign Out'] was found
18:13:13 INFO  application.MyListener - Start finde element by --> By.xpath: //a[.='ADD']
18:13:13 INFO  application.MyListener - The element By.xpath: //a[.='ADD'] was found
18:13:13 INFO  application.MyListener - Start finde element by --> By.cssSelector: [placeholder='Name']
18:13:13 INFO  application.MyListener - The element By.cssSelector: [placeholder='Name'] was found
18:13:13 INFO  application.MyListener - Start finde element by --> By.cssSelector: [placeholder='Name']
18:13:13 INFO  application.MyListener - The element By.cssSelector: [placeholder='Name'] was found
18:13:13 INFO  application.MyListener - Start finde element by --> By.cssSelector: [placeholder='Last Name']
18:13:13 INFO  application.MyListener - The element By.cssSelector: [placeholder='Last Name'] was found
18:13:13 INFO  application.MyListener - Start finde element by --> By.cssSelector: [placeholder='Last Name']
18:13:13 INFO  application.MyListener - The element By.cssSelector: [placeholder='Last Name'] was found
18:13:13 INFO  application.MyListener - Start finde element by --> By.cssSelector: [placeholder='Phone']
18:13:13 INFO  application.MyListener - The element By.cssSelector: [placeholder='Phone'] was found
18:13:13 INFO  application.MyListener - Start finde element by --> By.cssSelector: [placeholder='Phone']
18:13:13 INFO  application.MyListener - The element By.cssSelector: [placeholder='Phone'] was found
18:13:13 INFO  application.MyListener - Start finde element by --> By.cssSelector: [placeholder='email']
18:13:13 INFO  application.MyListener - The element By.cssSelector: [placeholder='email'] was found
18:13:13 INFO  application.MyListener - Start finde element by --> By.cssSelector: [placeholder='email']
18:13:14 INFO  application.MyListener - The element By.cssSelector: [placeholder='email'] was found
18:13:14 INFO  application.MyListener - Start finde element by --> By.cssSelector: [placeholder='Address']
18:13:14 INFO  application.MyListener - The element By.cssSelector: [placeholder='Address'] was found
18:13:14 INFO  application.MyListener - Start finde element by --> By.cssSelector: [placeholder='Address']
18:13:14 INFO  application.MyListener - The element By.cssSelector: [placeholder='Address'] was found
18:13:14 INFO  application.MyListener - Start finde element by --> By.cssSelector: [placeholder='description']
18:13:14 INFO  application.MyListener - The element By.cssSelector: [placeholder='description'] was found
18:13:14 INFO  application.MyListener - Start finde element by --> By.cssSelector: [placeholder='description']
18:13:14 INFO  application.MyListener - The element By.cssSelector: [placeholder='description'] was found
18:13:14 INFO  application.MyListener - Start finde element by --> By.xpath: //button/b
18:13:14 INFO  application.MyListener - The element By.xpath: //button/b was found
18:13:14 INFO  application.MyListener - Start finde element by --> By.cssSelector: div[class^='contact-page']
18:13:14 INFO  application.MyListener - The element By.cssSelector: div[class^='contact-page'] was found
18:13:14 INFO  application.MyListener - Start finde element by --> By.xpath: //h3
18:13:14 INFO  application.MyListener - The element By.xpath: //h3 was found
18:13:15 INFO  TestBase - End of test addContactTest
18:13:15 INFO  TestBase - Start test addContactTestBase
18:13:15 INFO  TestBase - Test start with data: []
18:13:15 INFO  TestBase - =================================================================================
18:13:15 INFO  application.MyListener - Start finde element by --> By.xpath: //button[.='Sign Out']
18:13:15 INFO  application.MyListener - The element By.xpath: //button[.='Sign Out'] was found
18:13:15 INFO  application.MyListener - Start finde element by --> By.xpath: //a[.='ADD']
18:13:15 INFO  application.MyListener - The element By.xpath: //a[.='ADD'] was found
18:13:15 INFO  application.MyListener - Start finde element by --> By.cssSelector: [placeholder='Name']
18:13:15 INFO  application.MyListener - The element By.cssSelector: [placeholder='Name'] was found
18:13:15 INFO  application.MyListener - Start finde element by --> By.cssSelector: [placeholder='Name']
18:13:15 INFO  application.MyListener - The element By.cssSelector: [placeholder='Name'] was found
18:13:15 INFO  application.MyListener - Start finde element by --> By.cssSelector: [placeholder='Last Name']
18:13:15 INFO  application.MyListener - The element By.cssSelector: [placeholder='Last Name'] was found
18:13:15 INFO  application.MyListener - Start finde element by --> By.cssSelector: [placeholder='Last Name']
18:13:15 INFO  application.MyListener - The element By.cssSelector: [placeholder='Last Name'] was found
18:13:15 INFO  application.MyListener - Start finde element by --> By.cssSelector: [placeholder='Phone']
18:13:15 INFO  application.MyListener - The element By.cssSelector: [placeholder='Phone'] was found
18:13:15 INFO  application.MyListener - Start finde element by --> By.cssSelector: [placeholder='Phone']
18:13:15 INFO  application.MyListener - The element By.cssSelector: [placeholder='Phone'] was found
18:13:15 INFO  application.MyListener - Start finde element by --> By.cssSelector: [placeholder='email']
18:13:16 INFO  application.MyListener - The element By.cssSelector: [placeholder='email'] was found
18:13:16 INFO  application.MyListener - Start finde element by --> By.cssSelector: [placeholder='email']
18:13:16 INFO  application.MyListener - The element By.cssSelector: [placeholder='email'] was found
18:13:16 INFO  application.MyListener - Start finde element by --> By.cssSelector: [placeholder='Address']
18:13:16 INFO  application.MyListener - The element By.cssSelector: [placeholder='Address'] was found
18:13:16 INFO  application.MyListener - Start finde element by --> By.cssSelector: [placeholder='Address']
18:13:16 INFO  application.MyListener - The element By.cssSelector: [placeholder='Address'] was found
18:13:16 INFO  application.MyListener - Start finde element by --> By.cssSelector: [placeholder='description']
18:13:16 INFO  application.MyListener - The element By.cssSelector: [placeholder='description'] was found
18:13:16 INFO  application.MyListener - Start finde element by --> By.cssSelector: [placeholder='description']
18:13:16 INFO  application.MyListener - The element By.cssSelector: [placeholder='description'] was found
18:13:16 INFO  application.MyListener - Start finde element by --> By.xpath: //button/b
18:13:16 INFO  application.MyListener - The element By.xpath: //button/b was found
18:13:16 INFO  application.MyListener - Start finde element by --> By.cssSelector: div[class^='contact-page']
18:13:16 INFO  application.MyListener - The element By.cssSelector: div[class^='contact-page'] was found
18:13:17 INFO  application.MyListener - Start finde element by --> By.xpath: //h3
18:13:17 INFO  application.MyListener - The element By.xpath: //h3 was found
18:13:17 INFO  TestBase - End of test addContactTestBase
18:13:17 INFO  TestBase - Start test addContactTestBase
18:13:17 INFO  TestBase - Test start with data: []
18:13:17 INFO  TestBase - =================================================================================
18:13:17 INFO  application.MyListener - Start finde element by --> By.xpath: //button[.='Sign Out']
18:13:17 INFO  application.MyListener - The element By.xpath: //button[.='Sign Out'] was found
18:13:17 INFO  application.MyListener - Start finde element by --> By.xpath: //a[.='ADD']
18:13:17 INFO  application.MyListener - The element By.xpath: //a[.='ADD'] was found
18:13:17 INFO  application.MyListener - Start finde element by --> By.cssSelector: [placeholder='Name']
18:13:17 INFO  application.MyListener - The element By.cssSelector: [placeholder='Name'] was found
18:13:17 INFO  application.MyListener - Start finde element by --> By.cssSelector: [placeholder='Name']
18:13:17 INFO  application.MyListener - The element By.cssSelector: [placeholder='Name'] was found
18:13:17 INFO  application.MyListener - Start finde element by --> By.cssSelector: [placeholder='Last Name']
18:13:17 INFO  application.MyListener - The element By.cssSelector: [placeholder='Last Name'] was found
18:13:17 INFO  application.MyListener - Start finde element by --> By.cssSelector: [placeholder='Last Name']
18:13:17 INFO  application.MyListener - The element By.cssSelector: [placeholder='Last Name'] was found
18:13:18 INFO  application.MyListener - Start finde element by --> By.cssSelector: [placeholder='Phone']
18:13:18 INFO  application.MyListener - The element By.cssSelector: [placeholder='Phone'] was found
18:13:18 INFO  application.MyListener - Start finde element by --> By.cssSelector: [placeholder='Phone']
18:13:18 INFO  application.MyListener - The element By.cssSelector: [placeholder='Phone'] was found
18:13:18 INFO  application.MyListener - Start finde element by --> By.cssSelector: [placeholder='email']
18:13:18 INFO  application.MyListener - The element By.cssSelector: [placeholder='email'] was found
18:13:18 INFO  application.MyListener - Start finde element by --> By.cssSelector: [placeholder='email']
18:13:18 INFO  application.MyListener - The element By.cssSelector: [placeholder='email'] was found
18:13:18 INFO  application.MyListener - Start finde element by --> By.cssSelector: [placeholder='Address']
18:13:18 INFO  application.MyListener - The element By.cssSelector: [placeholder='Address'] was found
18:13:18 INFO  application.MyListener - Start finde element by --> By.cssSelector: [placeholder='Address']
18:13:18 INFO  application.MyListener - The element By.cssSelector: [placeholder='Address'] was found
18:13:18 INFO  application.MyListener - Start finde element by --> By.cssSelector: [placeholder='description']
18:13:18 INFO  application.MyListener - The element By.cssSelector: [placeholder='description'] was found
18:13:18 INFO  application.MyListener - Start finde element by --> By.cssSelector: [placeholder='description']
18:13:18 INFO  application.MyListener - The element By.cssSelector: [placeholder='description'] was found
18:13:18 INFO  application.MyListener - Start finde element by --> By.xpath: //button/b
18:13:18 INFO  application.MyListener - The element By.xpath: //button/b was found
18:13:19 INFO  application.MyListener - Start finde element by --> By.cssSelector: div[class^='contact-page']
18:13:19 INFO  application.MyListener - The element By.cssSelector: div[class^='contact-page'] was found
18:13:19 INFO  application.MyListener - Start finde element by --> By.xpath: //h3
18:13:19 INFO  application.MyListener - The element By.xpath: //h3 was found
18:13:19 INFO  TestBase - End of test addContactTestBase
18:13:19 INFO  TestBase - Start test addContactTestBase
18:13:19 INFO  TestBase - Test start with data: []
18:13:19 INFO  TestBase - =================================================================================
18:13:19 INFO  application.MyListener - Start finde element by --> By.xpath: //button[.='Sign Out']
18:13:19 INFO  application.MyListener - The element By.xpath: //button[.='Sign Out'] was found
18:13:19 INFO  application.MyListener - Start finde element by --> By.xpath: //a[.='ADD']
18:13:19 INFO  application.MyListener - The element By.xpath: //a[.='ADD'] was found
18:13:19 INFO  application.MyListener - Start finde element by --> By.cssSelector: [placeholder='Name']
18:13:20 INFO  application.MyListener - The element By.cssSelector: [placeholder='Name'] was found
18:13:20 INFO  application.MyListener - Start finde element by --> By.cssSelector: [placeholder='Name']
18:13:20 INFO  application.MyListener - The element By.cssSelector: [placeholder='Name'] was found
18:13:20 INFO  application.MyListener - Start finde element by --> By.cssSelector: [placeholder='Last Name']
18:13:20 INFO  application.MyListener - The element By.cssSelector: [placeholder='Last Name'] was found
18:13:20 INFO  application.MyListener - Start finde element by --> By.cssSelector: [placeholder='Last Name']
18:13:20 INFO  application.MyListener - The element By.cssSelector: [placeholder='Last Name'] was found
18:13:20 INFO  application.MyListener - Start finde element by --> By.cssSelector: [placeholder='Phone']
18:13:20 INFO  application.MyListener - The element By.cssSelector: [placeholder='Phone'] was found
18:13:20 INFO  application.MyListener - Start finde element by --> By.cssSelector: [placeholder='Phone']
18:13:20 INFO  application.MyListener - The element By.cssSelector: [placeholder='Phone'] was found
18:13:20 INFO  application.MyListener - Start finde element by --> By.cssSelector: [placeholder='email']
18:13:20 INFO  application.MyListener - The element By.cssSelector: [placeholder='email'] was found
18:13:20 INFO  application.MyListener - Start finde element by --> By.cssSelector: [placeholder='email']
18:13:20 INFO  application.MyListener - The element By.cssSelector: [placeholder='email'] was found
18:13:20 INFO  application.MyListener - Start finde element by --> By.cssSelector: [placeholder='Address']
18:13:20 INFO  application.MyListener - The element By.cssSelector: [placeholder='Address'] was found
18:13:20 INFO  application.MyListener - Start finde element by --> By.cssSelector: [placeholder='Address']
18:13:20 INFO  application.MyListener - The element By.cssSelector: [placeholder='Address'] was found
18:13:21 INFO  application.MyListener - Start finde element by --> By.cssSelector: [placeholder='description']
18:13:21 INFO  application.MyListener - The element By.cssSelector: [placeholder='description'] was found
18:13:21 INFO  application.MyListener - Start finde element by --> By.cssSelector: [placeholder='description']
18:13:21 INFO  application.MyListener - The element By.cssSelector: [placeholder='description'] was found
18:13:21 INFO  application.MyListener - Start finde element by --> By.xpath: //button/b
18:13:21 INFO  application.MyListener - The element By.xpath: //button/b was found
18:13:21 INFO  application.MyListener - Start finde element by --> By.cssSelector: div[class^='contact-page']
18:13:21 INFO  application.MyListener - The element By.cssSelector: div[class^='contact-page'] was found
18:13:21 INFO  application.MyListener - Start finde element by --> By.xpath: //h3
18:13:21 INFO  application.MyListener - The element By.xpath: //h3 was found
18:13:22 INFO  TestBase - End of test addContactTestBase
18:13:22 INFO  TestBase - Start test addContactTestBase
18:13:22 INFO  TestBase - Test start with data: []
18:13:22 INFO  TestBase - =================================================================================
18:13:22 INFO  application.MyListener - Start finde element by --> By.xpath: //button[.='Sign Out']
18:13:22 INFO  application.MyListener - The element By.xpath: //button[.='Sign Out'] was found
18:13:22 INFO  application.MyListener - Start finde element by --> By.xpath: //a[.='ADD']
18:13:22 INFO  application.MyListener - The element By.xpath: //a[.='ADD'] was found
18:13:22 INFO  application.MyListener - Start finde element by --> By.cssSelector: [placeholder='Name']
18:13:22 INFO  application.MyListener - The element By.cssSelector: [placeholder='Name'] was found
18:13:22 INFO  application.MyListener - Start finde element by --> By.cssSelector: [placeholder='Name']
18:13:22 INFO  application.MyListener - The element By.cssSelector: [placeholder='Name'] was found
18:13:22 INFO  application.MyListener - Start finde element by --> By.cssSelector: [placeholder='Last Name']
18:13:22 INFO  application.MyListener - The element By.cssSelector: [placeholder='Last Name'] was found
18:13:22 INFO  application.MyListener - Start finde element by --> By.cssSelector: [placeholder='Last Name']
18:13:22 INFO  application.MyListener - The element By.cssSelector: [placeholder='Last Name'] was found
18:13:22 INFO  application.MyListener - Start finde element by --> By.cssSelector: [placeholder='Phone']
18:13:22 INFO  application.MyListener - The element By.cssSelector: [placeholder='Phone'] was found
18:13:22 INFO  application.MyListener - Start finde element by --> By.cssSelector: [placeholder='Phone']
18:13:22 INFO  application.MyListener - The element By.cssSelector: [placeholder='Phone'] was found
18:13:23 INFO  application.MyListener - Start finde element by --> By.cssSelector: [placeholder='email']
18:13:23 INFO  application.MyListener - The element By.cssSelector: [placeholder='email'] was found
18:13:23 INFO  application.MyListener - Start finde element by --> By.cssSelector: [placeholder='email']
18:13:23 INFO  application.MyListener - The element By.cssSelector: [placeholder='email'] was found
18:13:23 INFO  application.MyListener - Start finde element by --> By.cssSelector: [placeholder='Address']
18:13:23 INFO  application.MyListener - The element By.cssSelector: [placeholder='Address'] was found
18:13:23 INFO  application.MyListener - Start finde element by --> By.cssSelector: [placeholder='Address']
18:13:23 INFO  application.MyListener - The element By.cssSelector: [placeholder='Address'] was found
18:13:23 INFO  application.MyListener - Start finde element by --> By.cssSelector: [placeholder='description']
18:13:23 INFO  application.MyListener - The element By.cssSelector: [placeholder='description'] was found
18:13:23 INFO  application.MyListener - Start finde element by --> By.cssSelector: [placeholder='description']
18:13:23 INFO  application.MyListener - The element By.cssSelector: [placeholder='description'] was found
18:13:23 INFO  application.MyListener - Start finde element by --> By.xpath: //button/b
18:13:23 INFO  application.MyListener - The element By.xpath: //button/b was found
18:13:23 INFO  application.MyListener - Start finde element by --> By.cssSelector: div[class^='contact-page']
18:13:23 INFO  application.MyListener - The element By.cssSelector: div[class^='contact-page'] was found
18:13:24 INFO  application.MyListener - Start finde element by --> By.xpath: //h3
18:13:24 INFO  application.MyListener - The element By.xpath: //h3 was found
18:13:24 INFO  TestBase - End of test addContactTestBase
18:13:24 INFO  TestBase - Start test addContactTestBase
18:13:24 INFO  TestBase - Test start with data: []
18:13:24 INFO  TestBase - =================================================================================
18:13:24 INFO  application.MyListener - Start finde element by --> By.xpath: //button[.='Sign Out']
18:13:24 INFO  application.MyListener - The element By.xpath: //button[.='Sign Out'] was found
18:13:24 INFO  application.MyListener - Start finde element by --> By.xpath: //a[.='ADD']
18:13:24 INFO  application.MyListener - The element By.xpath: //a[.='ADD'] was found
18:13:24 INFO  application.MyListener - Start finde element by --> By.cssSelector: [placeholder='Name']
18:13:24 INFO  application.MyListener - The element By.cssSelector: [placeholder='Name'] was found
18:13:24 INFO  application.MyListener - Start finde element by --> By.cssSelector: [placeholder='Name']
18:13:24 INFO  application.MyListener - The element By.cssSelector: [placeholder='Name'] was found
18:13:24 INFO  application.MyListener - Start finde element by --> By.cssSelector: [placeholder='Last Name']
18:13:24 INFO  application.MyListener - The element By.cssSelector: [placeholder='Last Name'] was found
18:13:24 INFO  application.MyListener - Start finde element by --> By.cssSelector: [placeholder='Last Name']
18:13:24 INFO  application.MyListener - The element By.cssSelector: [placeholder='Last Name'] was found
18:13:25 INFO  application.MyListener - Start finde element by --> By.cssSelector: [placeholder='Phone']
18:13:25 INFO  application.MyListener - The element By.cssSelector: [placeholder='Phone'] was found
18:13:25 INFO  application.MyListener - Start finde element by --> By.cssSelector: [placeholder='Phone']
18:13:25 INFO  application.MyListener - The element By.cssSelector: [placeholder='Phone'] was found
18:13:25 INFO  application.MyListener - Start finde element by --> By.cssSelector: [placeholder='email']
18:13:25 INFO  application.MyListener - The element By.cssSelector: [placeholder='email'] was found
18:13:25 INFO  application.MyListener - Start finde element by --> By.cssSelector: [placeholder='email']
18:13:25 INFO  application.MyListener - The element By.cssSelector: [placeholder='email'] was found
18:13:25 INFO  application.MyListener - Start finde element by --> By.cssSelector: [placeholder='Address']
18:13:25 INFO  application.MyListener - The element By.cssSelector: [placeholder='Address'] was found
18:13:25 INFO  application.MyListener - Start finde element by --> By.cssSelector: [placeholder='Address']
18:13:25 INFO  application.MyListener - The element By.cssSelector: [placeholder='Address'] was found
18:13:25 INFO  application.MyListener - Start finde element by --> By.cssSelector: [placeholder='description']
18:13:25 INFO  application.MyListener - The element By.cssSelector: [placeholder='description'] was found
18:13:25 INFO  application.MyListener - Start finde element by --> By.cssSelector: [placeholder='description']
18:13:25 INFO  application.MyListener - The element By.cssSelector: [placeholder='description'] was found
18:13:25 INFO  application.MyListener - Start finde element by --> By.xpath: //button/b
18:13:25 INFO  application.MyListener - The element By.xpath: //button/b was found
18:13:26 INFO  application.MyListener - Start finde element by --> By.cssSelector: div[class^='contact-page']
18:13:26 INFO  application.MyListener - The element By.cssSelector: div[class^='contact-page'] was found
18:13:26 INFO  application.MyListener - Start finde element by --> By.xpath: //h3
18:13:26 INFO  application.MyListener - The element By.xpath: //h3 was found
18:13:27 INFO  TestBase - End of test addContactTestBase
18:13:27 INFO  TestBase - Start test addContactTestBase
18:13:27 INFO  TestBase - Test start with data: []
18:13:27 INFO  TestBase - =================================================================================
18:13:27 INFO  application.MyListener - Start finde element by --> By.xpath: //button[.='Sign Out']
18:13:27 INFO  application.MyListener - The element By.xpath: //button[.='Sign Out'] was found
18:13:27 INFO  application.MyListener - Start finde element by --> By.xpath: //a[.='ADD']
18:13:27 INFO  application.MyListener - The element By.xpath: //a[.='ADD'] was found
18:13:27 INFO  application.MyListener - Start finde element by --> By.cssSelector: [placeholder='Name']
18:13:27 INFO  application.MyListener - The element By.cssSelector: [placeholder='Name'] was found
18:13:27 INFO  application.MyListener - Start finde element by --> By.cssSelector: [placeholder='Name']
18:13:27 INFO  application.MyListener - The element By.cssSelector: [placeholder='Name'] was found
18:13:27 INFO  application.MyListener - Start finde element by --> By.cssSelector: [placeholder='Last Name']
18:13:27 INFO  application.MyListener - The element By.cssSelector: [placeholder='Last Name'] was found
18:13:27 INFO  application.MyListener - Start finde element by --> By.cssSelector: [placeholder='Last Name']
18:13:27 INFO  application.MyListener - The element By.cssSelector: [placeholder='Last Name'] was found
18:13:27 INFO  application.MyListener - Start finde element by --> By.cssSelector: [placeholder='Phone']
18:13:27 INFO  application.MyListener - The element By.cssSelector: [placeholder='Phone'] was found
18:13:27 INFO  application.MyListener - Start finde element by --> By.cssSelector: [placeholder='Phone']
18:13:27 INFO  application.MyListener - The element By.cssSelector: [placeholder='Phone'] was found
18:13:27 INFO  application.MyListener - Start finde element by --> By.cssSelector: [placeholder='email']
18:13:27 INFO  application.MyListener - The element By.cssSelector: [placeholder='email'] was found
18:13:27 INFO  application.MyListener - Start finde element by --> By.cssSelector: [placeholder='email']
18:13:27 INFO  application.MyListener - The element By.cssSelector: [placeholder='email'] was found
18:13:28 INFO  application.MyListener - Start finde element by --> By.cssSelector: [placeholder='Address']
18:13:28 INFO  application.MyListener - The element By.cssSelector: [placeholder='Address'] was found
18:13:28 INFO  application.MyListener - Start finde element by --> By.cssSelector: [placeholder='Address']
18:13:28 INFO  application.MyListener - The element By.cssSelector: [placeholder='Address'] was found
18:13:28 INFO  application.MyListener - Start finde element by --> By.cssSelector: [placeholder='description']
18:13:28 INFO  application.MyListener - The element By.cssSelector: [placeholder='description'] was found
18:13:28 INFO  application.MyListener - Start finde element by --> By.cssSelector: [placeholder='description']
18:13:28 INFO  application.MyListener - The element By.cssSelector: [placeholder='description'] was found
18:13:28 INFO  application.MyListener - Start finde element by --> By.xpath: //button/b
18:13:28 INFO  application.MyListener - The element By.xpath: //button/b was found
18:13:28 INFO  application.MyListener - Start finde element by --> By.cssSelector: div[class^='contact-page']
18:13:28 INFO  application.MyListener - The element By.cssSelector: div[class^='contact-page'] was found
18:13:28 INFO  application.MyListener - Start finde element by --> By.xpath: //h3
18:13:28 INFO  application.MyListener - The element By.xpath: //h3 was found
18:13:29 INFO  TestBase - End of test addContactTestBase
18:13:29 INFO  TestBase - Start test addContactTestBase
18:13:29 INFO  TestBase - Test start with data: []
18:13:29 INFO  TestBase - =================================================================================
18:13:29 INFO  application.MyListener - Start finde element by --> By.xpath: //button[.='Sign Out']
18:13:29 INFO  application.MyListener - The element By.xpath: //button[.='Sign Out'] was found
18:13:29 INFO  application.MyListener - Start finde element by --> By.xpath: //a[.='ADD']
18:13:29 INFO  application.MyListener - The element By.xpath: //a[.='ADD'] was found
18:13:29 INFO  application.MyListener - Start finde element by --> By.cssSelector: [placeholder='Name']
18:13:29 INFO  application.MyListener - The element By.cssSelector: [placeholder='Name'] was found
18:13:29 INFO  application.MyListener - Start finde element by --> By.cssSelector: [placeholder='Name']
18:13:29 INFO  application.MyListener - The element By.cssSelector: [placeholder='Name'] was found
18:13:29 INFO  application.MyListener - Start finde element by --> By.cssSelector: [placeholder='Last Name']
18:13:29 INFO  application.MyListener - The element By.cssSelector: [placeholder='Last Name'] was found
18:13:29 INFO  application.MyListener - Start finde element by --> By.cssSelector: [placeholder='Last Name']
18:13:29 INFO  application.MyListener - The element By.cssSelector: [placeholder='Last Name'] was found
18:13:29 INFO  application.MyListener - Start finde element by --> By.cssSelector: [placeholder='Phone']
18:13:29 INFO  application.MyListener - The element By.cssSelector: [placeholder='Phone'] was found
18:13:29 INFO  application.MyListener - Start finde element by --> By.cssSelector: [placeholder='Phone']
18:13:29 INFO  application.MyListener - The element By.cssSelector: [placeholder='Phone'] was found
18:13:30 INFO  application.MyListener - Start finde element by --> By.cssSelector: [placeholder='email']
18:13:30 INFO  application.MyListener - The element By.cssSelector: [placeholder='email'] was found
18:13:30 INFO  application.MyListener - Start finde element by --> By.cssSelector: [placeholder='email']
18:13:30 INFO  application.MyListener - The element By.cssSelector: [placeholder='email'] was found
18:13:30 INFO  application.MyListener - Start finde element by --> By.cssSelector: [placeholder='Address']
18:13:30 INFO  application.MyListener - The element By.cssSelector: [placeholder='Address'] was found
18:13:30 INFO  application.MyListener - Start finde element by --> By.cssSelector: [placeholder='Address']
18:13:30 INFO  application.MyListener - The element By.cssSelector: [placeholder='Address'] was found
18:13:30 INFO  application.MyListener - Start finde element by --> By.cssSelector: [placeholder='description']
18:13:30 INFO  application.MyListener - The element By.cssSelector: [placeholder='description'] was found
18:13:30 INFO  application.MyListener - Start finde element by --> By.cssSelector: [placeholder='description']
18:13:30 INFO  application.MyListener - The element By.cssSelector: [placeholder='description'] was found
18:13:30 INFO  application.MyListener - Start finde element by --> By.xpath: //button/b
18:13:30 INFO  application.MyListener - The element By.xpath: //button/b was found
18:13:30 INFO  application.MyListener - Start finde element by --> By.cssSelector: div[class^='contact-page']
18:13:31 INFO  application.MyListener - The element By.cssSelector: div[class^='contact-page'] was found
18:13:31 INFO  application.MyListener - Start finde element by --> By.xpath: //h3
18:13:31 INFO  application.MyListener - The element By.xpath: //h3 was found
18:13:31 INFO  TestBase - End of test addContactTestBase
18:13:31 INFO  TestBase - Start test addContactTestBase
18:13:31 INFO  TestBase - Test start with data: []
18:13:31 INFO  TestBase - =================================================================================
18:13:31 INFO  application.MyListener - Start finde element by --> By.xpath: //button[.='Sign Out']
18:13:31 INFO  application.MyListener - The element By.xpath: //button[.='Sign Out'] was found
18:13:31 INFO  application.MyListener - Start finde element by --> By.xpath: //a[.='ADD']
18:13:31 INFO  application.MyListener - The element By.xpath: //a[.='ADD'] was found
18:13:31 INFO  application.MyListener - Start finde element by --> By.cssSelector: [placeholder='Name']
18:13:31 INFO  application.MyListener - The element By.cssSelector: [placeholder='Name'] was found
18:13:31 INFO  application.MyListener - Start finde element by --> By.cssSelector: [placeholder='Name']
18:13:31 INFO  application.MyListener - The element By.cssSelector: [placeholder='Name'] was found
18:13:31 INFO  application.MyListener - Start finde element by --> By.cssSelector: [placeholder='Last Name']
18:13:31 INFO  application.MyListener - The element By.cssSelector: [placeholder='Last Name'] was found
18:13:31 INFO  application.MyListener - Start finde element by --> By.cssSelector: [placeholder='Last Name']
18:13:32 INFO  application.MyListener - The element By.cssSelector: [placeholder='Last Name'] was found
18:13:32 INFO  application.MyListener - Start finde element by --> By.cssSelector: [placeholder='Phone']
18:13:32 INFO  application.MyListener - The element By.cssSelector: [placeholder='Phone'] was found
18:13:32 INFO  application.MyListener - Start finde element by --> By.cssSelector: [placeholder='Phone']
18:13:32 INFO  application.MyListener - The element By.cssSelector: [placeholder='Phone'] was found
18:13:32 INFO  application.MyListener - Start finde element by --> By.cssSelector: [placeholder='email']
18:13:32 INFO  application.MyListener - The element By.cssSelector: [placeholder='email'] was found
18:13:32 INFO  application.MyListener - Start finde element by --> By.cssSelector: [placeholder='email']
18:13:32 INFO  application.MyListener - The element By.cssSelector: [placeholder='email'] was found
18:13:32 INFO  application.MyListener - Start finde element by --> By.cssSelector: [placeholder='Address']
18:13:32 INFO  application.MyListener - The element By.cssSelector: [placeholder='Address'] was found
18:13:32 INFO  application.MyListener - Start finde element by --> By.cssSelector: [placeholder='Address']
18:13:32 INFO  application.MyListener - The element By.cssSelector: [placeholder='Address'] was found
18:13:32 INFO  application.MyListener - Start finde element by --> By.cssSelector: [placeholder='description']
18:13:32 INFO  application.MyListener - The element By.cssSelector: [placeholder='description'] was found
18:13:32 INFO  application.MyListener - Start finde element by --> By.cssSelector: [placeholder='description']
18:13:32 INFO  application.MyListener - The element By.cssSelector: [placeholder='description'] was found
18:13:32 INFO  application.MyListener - Start finde element by --> By.xpath: //button/b
18:13:33 INFO  application.MyListener - The element By.xpath: //button/b was found
18:13:33 INFO  application.MyListener - Start finde element by --> By.cssSelector: div[class^='contact-page']
18:13:33 INFO  application.MyListener - The element By.cssSelector: div[class^='contact-page'] was found
18:13:33 INFO  application.MyListener - Start finde element by --> By.xpath: //h3
18:13:33 INFO  application.MyListener - The element By.xpath: //h3 was found
18:13:34 INFO  TestBase - End of test addContactTestBase
18:13:34 INFO  TestBase - Start test addContactTestBase
18:13:34 INFO  TestBase - Test start with data: []
18:13:34 INFO  TestBase - =================================================================================
18:13:34 INFO  application.MyListener - Start finde element by --> By.xpath: //button[.='Sign Out']
18:13:34 INFO  application.MyListener - The element By.xpath: //button[.='Sign Out'] was found
18:13:34 INFO  application.MyListener - Start finde element by --> By.xpath: //a[.='ADD']
18:13:34 INFO  application.MyListener - The element By.xpath: //a[.='ADD'] was found
18:13:34 INFO  application.MyListener - Start finde element by --> By.cssSelector: [placeholder='Name']
18:13:34 INFO  application.MyListener - The element By.cssSelector: [placeholder='Name'] was found
18:13:34 INFO  application.MyListener - Start finde element by --> By.cssSelector: [placeholder='Name']
18:13:34 INFO  application.MyListener - The element By.cssSelector: [placeholder='Name'] was found
18:13:34 INFO  application.MyListener - Start finde element by --> By.cssSelector: [placeholder='Last Name']
18:13:34 INFO  application.MyListener - The element By.cssSelector: [placeholder='Last Name'] was found
18:13:34 INFO  application.MyListener - Start finde element by --> By.cssSelector: [placeholder='Last Name']
18:13:34 INFO  application.MyListener - The element By.cssSelector: [placeholder='Last Name'] was found
18:13:34 INFO  application.MyListener - Start finde element by --> By.cssSelector: [placeholder='Phone']
18:13:34 INFO  application.MyListener - The element By.cssSelector: [placeholder='Phone'] was found
18:13:34 INFO  application.MyListener - Start finde element by --> By.cssSelector: [placeholder='Phone']
18:13:34 INFO  application.MyListener - The element By.cssSelector: [placeholder='Phone'] was found
18:13:34 INFO  application.MyListener - Start finde element by --> By.cssSelector: [placeholder='email']
18:13:34 INFO  application.MyListener - The element By.cssSelector: [placeholder='email'] was found
18:13:34 INFO  application.MyListener - Start finde element by --> By.cssSelector: [placeholder='email']
18:13:35 INFO  application.MyListener - The element By.cssSelector: [placeholder='email'] was found
18:13:35 INFO  application.MyListener - Start finde element by --> By.cssSelector: [placeholder='Address']
18:13:35 INFO  application.MyListener - The element By.cssSelector: [placeholder='Address'] was found
18:13:35 INFO  application.MyListener - Start finde element by --> By.cssSelector: [placeholder='Address']
18:13:35 INFO  application.MyListener - The element By.cssSelector: [placeholder='Address'] was found
18:13:35 INFO  application.MyListener - Start finde element by --> By.cssSelector: [placeholder='description']
18:13:35 INFO  application.MyListener - The element By.cssSelector: [placeholder='description'] was found
18:13:35 INFO  application.MyListener - Start finde element by --> By.cssSelector: [placeholder='description']
18:13:35 INFO  application.MyListener - The element By.cssSelector: [placeholder='description'] was found
18:13:35 INFO  application.MyListener - Start finde element by --> By.xpath: //button/b
18:13:35 INFO  application.MyListener - The element By.xpath: //button/b was found
18:13:35 INFO  application.MyListener - Start finde element by --> By.cssSelector: div[class^='contact-page']
18:13:35 INFO  application.MyListener - The element By.cssSelector: div[class^='contact-page'] was found
18:13:35 INFO  application.MyListener - Start finde element by --> By.xpath: //h3
18:13:35 INFO  application.MyListener - The element By.xpath: //h3 was found
18:13:36 INFO  TestBase - End of test addContactTestBase
18:13:36 INFO  TestBase - Start test addContactTestBase
18:13:36 INFO  TestBase - Test start with data: []
18:13:36 INFO  TestBase - =================================================================================
18:13:36 INFO  application.MyListener - Start finde element by --> By.xpath: //button[.='Sign Out']
18:13:36 INFO  application.MyListener - The element By.xpath: //button[.='Sign Out'] was found
18:13:36 INFO  application.MyListener - Start finde element by --> By.xpath: //a[.='ADD']
18:13:36 INFO  application.MyListener - The element By.xpath: //a[.='ADD'] was found
18:13:36 INFO  application.MyListener - Start finde element by --> By.cssSelector: [placeholder='Name']
18:13:36 INFO  application.MyListener - The element By.cssSelector: [placeholder='Name'] was found
18:13:36 INFO  application.MyListener - Start finde element by --> By.cssSelector: [placeholder='Name']
18:13:36 INFO  application.MyListener - The element By.cssSelector: [placeholder='Name'] was found
18:13:36 INFO  application.MyListener - Start finde element by --> By.cssSelector: [placeholder='Last Name']
18:13:36 INFO  application.MyListener - The element By.cssSelector: [placeholder='Last Name'] was found
18:13:36 INFO  application.MyListener - Start finde element by --> By.cssSelector: [placeholder='Last Name']
18:13:36 INFO  application.MyListener - The element By.cssSelector: [placeholder='Last Name'] was found
18:13:36 INFO  application.MyListener - Start finde element by --> By.cssSelector: [placeholder='Phone']
18:13:36 INFO  application.MyListener - The element By.cssSelector: [placeholder='Phone'] was found
18:13:36 INFO  application.MyListener - Start finde element by --> By.cssSelector: [placeholder='Phone']
18:13:36 INFO  application.MyListener - The element By.cssSelector: [placeholder='Phone'] was found
18:13:36 INFO  application.MyListener - Start finde element by --> By.cssSelector: [placeholder='email']
18:13:36 INFO  application.MyListener - The element By.cssSelector: [placeholder='email'] was found
18:13:36 INFO  application.MyListener - Start finde element by --> By.cssSelector: [placeholder='email']
18:13:36 INFO  application.MyListener - The element By.cssSelector: [placeholder='email'] was found
18:13:37 INFO  application.MyListener - Start finde element by --> By.cssSelector: [placeholder='Address']
18:13:37 INFO  application.MyListener - The element By.cssSelector: [placeholder='Address'] was found
18:13:37 INFO  application.MyListener - Start finde element by --> By.cssSelector: [placeholder='Address']
18:13:37 INFO  application.MyListener - The element By.cssSelector: [placeholder='Address'] was found
18:13:37 INFO  application.MyListener - Start finde element by --> By.cssSelector: [placeholder='description']
18:13:37 INFO  application.MyListener - The element By.cssSelector: [placeholder='description'] was found
18:13:37 INFO  application.MyListener - Start finde element by --> By.cssSelector: [placeholder='description']
18:13:37 INFO  application.MyListener - The element By.cssSelector: [placeholder='description'] was found
18:13:37 INFO  application.MyListener - Start finde element by --> By.xpath: //button/b
18:13:37 INFO  application.MyListener - The element By.xpath: //button/b was found
18:13:37 INFO  application.MyListener - Start finde element by --> By.cssSelector: div[class^='contact-page']
18:13:37 INFO  application.MyListener - The element By.cssSelector: div[class^='contact-page'] was found
18:13:37 INFO  application.MyListener - Start finde element by --> By.xpath: //h3
18:13:37 INFO  application.MyListener - The element By.xpath: //h3 was found
18:13:38 INFO  TestBase - End of test addContactTestBase
18:13:38 INFO  TestBase - Start test addContactTestCSV
18:13:38 INFO  TestBase - Test start with data: [Contact(name=asd, lastName=asd, email=asd818, phone=123818, address=asd, description=asd)]
18:13:38 INFO  TestBase - =================================================================================
18:13:38 INFO  application.MyListener - Start finde element by --> By.xpath: //button[.='Sign Out']
18:13:38 INFO  application.MyListener - The element By.xpath: //button[.='Sign Out'] was found
18:13:38 INFO  application.MyListener - Start finde element by --> By.xpath: //a[.='ADD']
18:13:38 INFO  application.MyListener - The element By.xpath: //a[.='ADD'] was found
18:13:38 INFO  application.MyListener - Start finde element by --> By.cssSelector: [placeholder='Name']
18:13:38 INFO  application.MyListener - The element By.cssSelector: [placeholder='Name'] was found
18:13:38 INFO  application.MyListener - Start finde element by --> By.cssSelector: [placeholder='Name']
18:13:38 INFO  application.MyListener - The element By.cssSelector: [placeholder='Name'] was found
18:13:38 INFO  application.MyListener - Start finde element by --> By.cssSelector: [placeholder='Last Name']
18:13:38 INFO  application.MyListener - The element By.cssSelector: [placeholder='Last Name'] was found
18:13:38 INFO  application.MyListener - Start finde element by --> By.cssSelector: [placeholder='Last Name']
18:13:38 INFO  application.MyListener - The element By.cssSelector: [placeholder='Last Name'] was found
18:13:38 INFO  application.MyListener - Start finde element by --> By.cssSelector: [placeholder='Phone']
18:13:38 INFO  application.MyListener - The element By.cssSelector: [placeholder='Phone'] was found
18:13:38 INFO  application.MyListener - Start finde element by --> By.cssSelector: [placeholder='Phone']
18:13:38 INFO  application.MyListener - The element By.cssSelector: [placeholder='Phone'] was found
18:13:38 INFO  application.MyListener - Start finde element by --> By.cssSelector: [placeholder='email']
18:13:38 INFO  application.MyListener - The element By.cssSelector: [placeholder='email'] was found
18:13:38 INFO  application.MyListener - Start finde element by --> By.cssSelector: [placeholder='email']
18:13:38 INFO  application.MyListener - The element By.cssSelector: [placeholder='email'] was found
18:13:39 INFO  application.MyListener - Start finde element by --> By.cssSelector: [placeholder='Address']
18:13:39 INFO  application.MyListener - The element By.cssSelector: [placeholder='Address'] was found
18:13:39 INFO  application.MyListener - Start finde element by --> By.cssSelector: [placeholder='Address']
18:13:39 INFO  application.MyListener - The element By.cssSelector: [placeholder='Address'] was found
18:13:39 INFO  application.MyListener - Start finde element by --> By.cssSelector: [placeholder='description']
18:13:39 INFO  application.MyListener - The element By.cssSelector: [placeholder='description'] was found
18:13:39 INFO  application.MyListener - Start finde element by --> By.cssSelector: [placeholder='description']
18:13:39 INFO  application.MyListener - The element By.cssSelector: [placeholder='description'] was found
18:13:39 INFO  application.MyListener - Start finde element by --> By.xpath: //button/b
18:13:39 INFO  application.MyListener - The element By.xpath: //button/b was found
18:13:39 INFO  application.MyListener - Start finde element by --> By.cssSelector: div[class^='contact-page']
18:13:39 INFO  application.MyListener - The element By.cssSelector: div[class^='contact-page'] was found
18:13:39 INFO  application.MyListener - Start finde element by --> By.xpath: //h3
18:13:39 INFO  application.MyListener - The element By.xpath: //h3 was found
18:13:40 INFO  TestBase - End of test addContactTestCSV
18:13:40 INFO  TestBase - Start test addContactTestCSV
18:13:40 INFO  TestBase - Test start with data: [Contact(name=qwe, lastName=qwe, email=qwe818, phone=345818, address=qwe, description=qwe)]
18:13:40 INFO  TestBase - =================================================================================
18:13:40 INFO  application.MyListener - Start finde element by --> By.xpath: //button[.='Sign Out']
18:13:40 INFO  application.MyListener - The element By.xpath: //button[.='Sign Out'] was found
18:13:40 INFO  application.MyListener - Start finde element by --> By.xpath: //a[.='ADD']
18:13:40 INFO  application.MyListener - The element By.xpath: //a[.='ADD'] was found
18:13:40 INFO  application.MyListener - Start finde element by --> By.cssSelector: [placeholder='Name']
18:13:40 INFO  application.MyListener - The element By.cssSelector: [placeholder='Name'] was found
18:13:40 INFO  application.MyListener - Start finde element by --> By.cssSelector: [placeholder='Name']
18:13:40 INFO  application.MyListener - The element By.cssSelector: [placeholder='Name'] was found
18:13:40 INFO  application.MyListener - Start finde element by --> By.cssSelector: [placeholder='Last Name']
18:13:40 INFO  application.MyListener - The element By.cssSelector: [placeholder='Last Name'] was found
18:13:40 INFO  application.MyListener - Start finde element by --> By.cssSelector: [placeholder='Last Name']
18:13:40 INFO  application.MyListener - The element By.cssSelector: [placeholder='Last Name'] was found
18:13:40 INFO  application.MyListener - Start finde element by --> By.cssSelector: [placeholder='Phone']
18:13:40 INFO  application.MyListener - The element By.cssSelector: [placeholder='Phone'] was found
18:13:40 INFO  application.MyListener - Start finde element by --> By.cssSelector: [placeholder='Phone']
18:13:40 INFO  application.MyListener - The element By.cssSelector: [placeholder='Phone'] was found
18:13:40 INFO  application.MyListener - Start finde element by --> By.cssSelector: [placeholder='email']
18:13:41 INFO  application.MyListener - The element By.cssSelector: [placeholder='email'] was found
18:13:41 INFO  application.MyListener - Start finde element by --> By.cssSelector: [placeholder='email']
18:13:41 INFO  application.MyListener - The element By.cssSelector: [placeholder='email'] was found
18:13:41 INFO  application.MyListener - Start finde element by --> By.cssSelector: [placeholder='Address']
18:13:41 INFO  application.MyListener - The element By.cssSelector: [placeholder='Address'] was found
18:13:41 INFO  application.MyListener - Start finde element by --> By.cssSelector: [placeholder='Address']
18:13:41 INFO  application.MyListener - The element By.cssSelector: [placeholder='Address'] was found
18:13:41 INFO  application.MyListener - Start finde element by --> By.cssSelector: [placeholder='description']
18:13:41 INFO  application.MyListener - The element By.cssSelector: [placeholder='description'] was found
18:13:41 INFO  application.MyListener - Start finde element by --> By.cssSelector: [placeholder='description']
18:13:41 INFO  application.MyListener - The element By.cssSelector: [placeholder='description'] was found
18:13:41 INFO  application.MyListener - Start finde element by --> By.xpath: //button/b
18:13:41 INFO  application.MyListener - The element By.xpath: //button/b was found
18:13:41 INFO  application.MyListener - Start finde element by --> By.cssSelector: div[class^='contact-page']
18:13:41 INFO  application.MyListener - The element By.cssSelector: div[class^='contact-page'] was found
18:13:41 INFO  application.MyListener - Start finde element by --> By.xpath: //h3
18:13:41 INFO  application.MyListener - The element By.xpath: //h3 was found
18:13:42 INFO  TestBase - End of test addContactTestCSV
18:13:42 INFO  TestBase - Start test addContactTestCSV
18:13:42 INFO  TestBase - Test start with data: [Contact(name=zxc, lastName=zxc, email=zxc818, phone=567818, address=zxc, description=zxc)]
18:13:42 INFO  TestBase - =================================================================================
18:13:42 INFO  application.MyListener - Start finde element by --> By.xpath: //button[.='Sign Out']
18:13:42 INFO  application.MyListener - The element By.xpath: //button[.='Sign Out'] was found
18:13:42 INFO  application.MyListener - Start finde element by --> By.xpath: //a[.='ADD']
18:13:42 INFO  application.MyListener - The element By.xpath: //a[.='ADD'] was found
18:13:42 INFO  application.MyListener - Start finde element by --> By.cssSelector: [placeholder='Name']
18:13:42 INFO  application.MyListener - The element By.cssSelector: [placeholder='Name'] was found
18:13:42 INFO  application.MyListener - Start finde element by --> By.cssSelector: [placeholder='Name']
18:13:42 INFO  application.MyListener - The element By.cssSelector: [placeholder='Name'] was found
18:13:42 INFO  application.MyListener - Start finde element by --> By.cssSelector: [placeholder='Last Name']
18:13:42 INFO  application.MyListener - The element By.cssSelector: [placeholder='Last Name'] was found
18:13:42 INFO  application.MyListener - Start finde element by --> By.cssSelector: [placeholder='Last Name']
18:13:42 INFO  application.MyListener - The element By.cssSelector: [placeholder='Last Name'] was found
18:13:43 INFO  application.MyListener - Start finde element by --> By.cssSelector: [placeholder='Phone']
18:13:43 INFO  application.MyListener - The element By.cssSelector: [placeholder='Phone'] was found
18:13:43 INFO  application.MyListener - Start finde element by --> By.cssSelector: [placeholder='Phone']
18:13:43 INFO  application.MyListener - The element By.cssSelector: [placeholder='Phone'] was found
18:13:43 INFO  application.MyListener - Start finde element by --> By.cssSelector: [placeholder='email']
18:13:43 INFO  application.MyListener - The element By.cssSelector: [placeholder='email'] was found
18:13:43 INFO  application.MyListener - Start finde element by --> By.cssSelector: [placeholder='email']
18:13:43 INFO  application.MyListener - The element By.cssSelector: [placeholder='email'] was found
18:13:43 INFO  application.MyListener - Start finde element by --> By.cssSelector: [placeholder='Address']
18:13:43 INFO  application.MyListener - The element By.cssSelector: [placeholder='Address'] was found
18:13:43 INFO  application.MyListener - Start finde element by --> By.cssSelector: [placeholder='Address']
18:13:43 INFO  application.MyListener - The element By.cssSelector: [placeholder='Address'] was found
18:13:43 INFO  application.MyListener - Start finde element by --> By.cssSelector: [placeholder='description']
18:13:43 INFO  application.MyListener - The element By.cssSelector: [placeholder='description'] was found
18:13:43 INFO  application.MyListener - Start finde element by --> By.cssSelector: [placeholder='description']
18:13:43 INFO  application.MyListener - The element By.cssSelector: [placeholder='description'] was found
18:13:43 INFO  application.MyListener - Start finde element by --> By.xpath: //button/b
18:13:44 INFO  application.MyListener - The element By.xpath: //button/b was found
18:13:44 INFO  application.MyListener - Start finde element by --> By.cssSelector: div[class^='contact-page']
18:13:44 INFO  application.MyListener - The element By.cssSelector: div[class^='contact-page'] was found
18:13:44 INFO  application.MyListener - Start finde element by --> By.xpath: //h3
18:13:44 INFO  application.MyListener - The element By.xpath: //h3 was found
18:13:45 INFO  TestBase - End of test addContactTestCSV
18:13:45 INFO  TestBase - Start test LoginTestPositive
18:13:45 INFO  TestBase - Test start with data: []
18:13:45 INFO  TestBase - =================================================================================
18:13:45 INFO  application.MyListener - Start finde element by --> By.xpath: //button[.='Sign Out']
18:13:45 INFO  application.MyListener - The element By.xpath: //button[.='Sign Out'] was found
18:13:45 INFO  application.MyListener - Start finde element by --> By.xpath: //button[.='Sign Out']
18:13:45 INFO  application.MyListener - The element By.xpath: //button[.='Sign Out'] was found
18:13:45 INFO  application.MyListener - Start finde element by --> By.xpath: //*[.='LOGIN']
18:13:45 INFO  application.MyListener - The element By.xpath: //*[.='LOGIN'] was found
18:13:45 INFO  application.MyListener - Start finde element by --> By.xpath: //input[@placeholder='Email']
18:13:45 INFO  application.MyListener - The element By.xpath: //input[@placeholder='Email'] was found
18:13:45 INFO  application.MyListener - Start finde element by --> By.xpath: //input[@placeholder='Email']
18:13:45 INFO  application.MyListener - The element By.xpath: //input[@placeholder='Email'] was found
18:13:45 INFO  application.MyListener - Start finde element by --> By.xpath: //input[@placeholder='Password']
18:13:45 INFO  application.MyListener - The element By.xpath: //input[@placeholder='Password'] was found
18:13:45 INFO  application.MyListener - Start finde element by --> By.xpath: //input[@placeholder='Password']
18:13:45 INFO  application.MyListener - The element By.xpath: //input[@placeholder='Password'] was found
18:13:45 INFO  application.MyListener - Start finde element by --> By.xpath: //button[text()=' Login']
18:13:45 INFO  application.MyListener - The element By.xpath: //button[text()=' Login'] was found
18:13:46 INFO  application.MyListener - Start finde element by --> By.xpath: //button[text()='Sign Out']
18:13:46 INFO  application.MyListener - The element By.xpath: //button[text()='Sign Out'] was found
18:13:46 INFO  TestBase - Test passed
18:13:46 INFO  TestBase - End of test LoginTestPositive
18:13:46 INFO  TestBase - Start test loginTestDP_CSV
18:13:46 INFO  TestBase - Test start with data: [User{email='12345@asd.com', password='aA1234567$'}]
18:13:46 INFO  TestBase - =================================================================================
18:13:46 INFO  application.MyListener - Start finde element by --> By.xpath: //button[.='Sign Out']
18:13:46 INFO  application.MyListener - The element By.xpath: //button[.='Sign Out'] was found
18:13:46 INFO  application.MyListener - Start finde element by --> By.xpath: //button[.='Sign Out']
18:13:46 INFO  application.MyListener - The element By.xpath: //button[.='Sign Out'] was found
18:13:46 INFO  application.MyListener - Start finde element by --> By.xpath: //*[.='LOGIN']
18:13:46 INFO  application.MyListener - The element By.xpath: //*[.='LOGIN'] was found
18:13:46 INFO  application.MyListener - Start finde element by --> By.xpath: //input[@placeholder='Email']
18:13:46 INFO  application.MyListener - The element By.xpath: //input[@placeholder='Email'] was found
18:13:46 INFO  application.MyListener - Start finde element by --> By.xpath: //input[@placeholder='Email']
18:13:46 INFO  application.MyListener - The element By.xpath: //input[@placeholder='Email'] was found
18:13:46 INFO  application.MyListener - Start finde element by --> By.xpath: //input[@placeholder='Password']
18:13:46 INFO  application.MyListener - The element By.xpath: //input[@placeholder='Password'] was found
18:13:46 INFO  application.MyListener - Start finde element by --> By.xpath: //input[@placeholder='Password']
18:13:46 INFO  application.MyListener - The element By.xpath: //input[@placeholder='Password'] was found
18:13:46 INFO  TestBase - Login with Email: 12345@asd.com; Password: aA1234567$;
18:13:46 INFO  application.MyListener - Start finde element by --> By.xpath: //button[text()=' Login']
18:13:46 INFO  application.MyListener - The element By.xpath: //button[text()=' Login'] was found
18:13:46 INFO  application.MyListener - Start finde element by --> By.xpath: //button[.='Sign Out']
18:13:47 INFO  application.MyListener - The element By.xpath: //button[.='Sign Out'] was found
18:13:47 INFO  TestBase - Test passed
18:13:47 INFO  TestBase - End of test loginTestDP_CSV
18:13:47 INFO  TestBase - Start test loginTestDP_CSV
18:13:47 INFO  TestBase - Test start with data: [User{email='noa@gmail.com', password='Nnoa12345$'}]
18:13:47 INFO  TestBase - =================================================================================
18:13:47 INFO  application.MyListener - Start finde element by --> By.xpath: //button[.='Sign Out']
18:13:47 INFO  application.MyListener - The element By.xpath: //button[.='Sign Out'] was found
18:13:47 INFO  application.MyListener - Start finde element by --> By.xpath: //button[.='Sign Out']
18:13:47 INFO  application.MyListener - The element By.xpath: //button[.='Sign Out'] was found
18:13:47 INFO  application.MyListener - Start finde element by --> By.xpath: //*[.='LOGIN']
18:13:47 INFO  application.MyListener - The element By.xpath: //*[.='LOGIN'] was found
18:13:47 INFO  application.MyListener - Start finde element by --> By.xpath: //input[@placeholder='Email']
18:13:47 INFO  application.MyListener - The element By.xpath: //input[@placeholder='Email'] was found
18:13:47 INFO  application.MyListener - Start finde element by --> By.xpath: //input[@placeholder='Email']
18:13:47 INFO  application.MyListener - The element By.xpath: //input[@placeholder='Email'] was found
18:13:47 INFO  application.MyListener - Start finde element by --> By.xpath: //input[@placeholder='Password']
18:13:47 INFO  application.MyListener - The element By.xpath: //input[@placeholder='Password'] was found
18:13:47 INFO  application.MyListener - Start finde element by --> By.xpath: //input[@placeholder='Password']
18:13:47 INFO  application.MyListener - The element By.xpath: //input[@placeholder='Password'] was found
18:13:47 INFO  TestBase - Login with Email: noa@gmail.com; Password: Nnoa12345$;
18:13:47 INFO  application.MyListener - Start finde element by --> By.xpath: //button[text()=' Login']
18:13:47 INFO  application.MyListener - The element By.xpath: //button[text()=' Login'] was found
18:13:47 INFO  application.MyListener - Start finde element by --> By.xpath: //button[.='Sign Out']
18:13:47 INFO  application.MyListener - The element By.xpath: //button[.='Sign Out'] was found
18:13:47 INFO  TestBase - Test passed
18:13:47 INFO  TestBase - End of test loginTestDP_CSV
18:13:47 INFO  TestBase - Start test loginTestDP_CSV
18:13:47 INFO  TestBase - Test start with data: [User{email='sonya@gmail.com', password='Ss12345$'}]
18:13:47 INFO  TestBase - =================================================================================
18:13:47 INFO  application.MyListener - Start finde element by --> By.xpath: //button[.='Sign Out']
18:13:48 INFO  application.MyListener - The element By.xpath: //button[.='Sign Out'] was found
18:13:48 INFO  application.MyListener - Start finde element by --> By.xpath: //button[.='Sign Out']
18:13:48 INFO  application.MyListener - The element By.xpath: //button[.='Sign Out'] was found
18:13:48 INFO  application.MyListener - Start finde element by --> By.xpath: //*[.='LOGIN']
18:13:48 INFO  application.MyListener - The element By.xpath: //*[.='LOGIN'] was found
18:13:48 INFO  application.MyListener - Start finde element by --> By.xpath: //input[@placeholder='Email']
18:13:48 INFO  application.MyListener - The element By.xpath: //input[@placeholder='Email'] was found
18:13:48 INFO  application.MyListener - Start finde element by --> By.xpath: //input[@placeholder='Email']
18:13:48 INFO  application.MyListener - The element By.xpath: //input[@placeholder='Email'] was found
18:13:48 INFO  application.MyListener - Start finde element by --> By.xpath: //input[@placeholder='Password']
18:13:48 INFO  application.MyListener - The element By.xpath: //input[@placeholder='Password'] was found
18:13:48 INFO  application.MyListener - Start finde element by --> By.xpath: //input[@placeholder='Password']
18:13:48 INFO  application.MyListener - The element By.xpath: //input[@placeholder='Password'] was found
18:13:48 INFO  TestBase - Login with Email: sonya@gmail.com; Password: Ss12345$;
18:13:48 INFO  application.MyListener - Start finde element by --> By.xpath: //button[text()=' Login']
18:13:48 INFO  application.MyListener - The element By.xpath: //button[text()=' Login'] was found
18:13:48 INFO  application.MyListener - Start finde element by --> By.xpath: //button[.='Sign Out']
18:13:48 INFO  application.MyListener - The element By.xpath: //button[.='Sign Out'] was found
18:13:48 INFO  TestBase - Test passed
18:13:48 INFO  TestBase - End of test loginTestDP_CSV
18:13:48 INFO  TestBase - Start test loginTestDataProvider
18:13:48 INFO  TestBase - Test start with data: [12345@asd.com, aA1234567$]
18:13:48 INFO  TestBase - =================================================================================
18:13:48 INFO  application.MyListener - Start finde element by --> By.xpath: //button[.='Sign Out']
18:13:48 INFO  application.MyListener - The element By.xpath: //button[.='Sign Out'] was found
18:13:48 INFO  application.MyListener - Start finde element by --> By.xpath: //button[.='Sign Out']
18:13:48 INFO  application.MyListener - The element By.xpath: //button[.='Sign Out'] was found
18:13:48 INFO  application.MyListener - Start finde element by --> By.xpath: //*[.='LOGIN']
18:13:48 INFO  application.MyListener - The element By.xpath: //*[.='LOGIN'] was found
18:13:49 INFO  application.MyListener - Start finde element by --> By.xpath: //input[@placeholder='Email']
18:13:49 INFO  application.MyListener - The element By.xpath: //input[@placeholder='Email'] was found
18:13:49 INFO  application.MyListener - Start finde element by --> By.xpath: //input[@placeholder='Email']
18:13:49 INFO  application.MyListener - The element By.xpath: //input[@placeholder='Email'] was found
18:13:49 INFO  application.MyListener - Start finde element by --> By.xpath: //input[@placeholder='Password']
18:13:49 INFO  application.MyListener - The element By.xpath: //input[@placeholder='Password'] was found
18:13:49 INFO  application.MyListener - Start finde element by --> By.xpath: //input[@placeholder='Password']
18:13:49 INFO  application.MyListener - The element By.xpath: //input[@placeholder='Password'] was found
18:13:49 INFO  TestBase - Login with Email: 12345@asd.com; Password: aA1234567$;
18:13:49 INFO  application.MyListener - Start finde element by --> By.xpath: //button[text()=' Login']
18:13:49 INFO  application.MyListener - The element By.xpath: //button[text()=' Login'] was found
18:13:49 INFO  application.MyListener - Start finde element by --> By.xpath: //button[.='Sign Out']
18:13:49 INFO  application.MyListener - The element By.xpath: //button[.='Sign Out'] was found
18:13:49 INFO  TestBase - Test passed
18:13:49 INFO  TestBase - End of test loginTestDataProvider
18:13:49 INFO  TestBase - Start test loginTestDataProvider
18:13:49 INFO  TestBase - Test start with data: [noa@gmail.com, Nnoa12345$]
18:13:49 INFO  TestBase - =================================================================================
18:13:49 INFO  application.MyListener - Start finde element by --> By.xpath: //button[.='Sign Out']
18:13:49 INFO  application.MyListener - The element By.xpath: //button[.='Sign Out'] was found
18:13:49 INFO  application.MyListener - Start finde element by --> By.xpath: //button[.='Sign Out']
18:13:49 INFO  application.MyListener - The element By.xpath: //button[.='Sign Out'] was found
18:13:49 INFO  application.MyListener - Start finde element by --> By.xpath: //*[.='LOGIN']
18:13:49 INFO  application.MyListener - The element By.xpath: //*[.='LOGIN'] was found
18:13:49 INFO  application.MyListener - Start finde element by --> By.xpath: //input[@placeholder='Email']
18:13:49 INFO  application.MyListener - The element By.xpath: //input[@placeholder='Email'] was found
18:13:49 INFO  application.MyListener - Start finde element by --> By.xpath: //input[@placeholder='Email']
18:13:49 INFO  application.MyListener - The element By.xpath: //input[@placeholder='Email'] was found
18:13:50 INFO  application.MyListener - Start finde element by --> By.xpath: //input[@placeholder='Password']
18:13:50 INFO  application.MyListener - The element By.xpath: //input[@placeholder='Password'] was found
18:13:50 INFO  application.MyListener - Start finde element by --> By.xpath: //input[@placeholder='Password']
18:13:50 INFO  application.MyListener - The element By.xpath: //input[@placeholder='Password'] was found
18:13:50 INFO  TestBase - Login with Email: noa@gmail.com; Password: Nnoa12345$;
18:13:50 INFO  application.MyListener - Start finde element by --> By.xpath: //button[text()=' Login']
18:13:50 INFO  application.MyListener - The element By.xpath: //button[text()=' Login'] was found
18:13:50 INFO  application.MyListener - Start finde element by --> By.xpath: //button[.='Sign Out']
18:13:50 INFO  application.MyListener - The element By.xpath: //button[.='Sign Out'] was found
18:13:50 INFO  TestBase - Test passed
18:13:50 INFO  TestBase - End of test loginTestDataProvider
18:13:50 INFO  TestBase - Start test loginTestDataProvider
18:13:50 INFO  TestBase - Test start with data: [sonya@gmail.com, Ss12345$]
18:13:50 INFO  TestBase - =================================================================================
18:13:50 INFO  application.MyListener - Start finde element by --> By.xpath: //button[.='Sign Out']
18:13:50 INFO  application.MyListener - The element By.xpath: //button[.='Sign Out'] was found
18:13:50 INFO  application.MyListener - Start finde element by --> By.xpath: //button[.='Sign Out']
18:13:50 INFO  application.MyListener - The element By.xpath: //button[.='Sign Out'] was found
18:13:50 INFO  application.MyListener - Start finde element by --> By.xpath: //*[.='LOGIN']
18:13:50 INFO  application.MyListener - The element By.xpath: //*[.='LOGIN'] was found
18:13:50 INFO  application.MyListener - Start finde element by --> By.xpath: //input[@placeholder='Email']
18:13:50 INFO  application.MyListener - The element By.xpath: //input[@placeholder='Email'] was found
18:13:50 INFO  application.MyListener - Start finde element by --> By.xpath: //input[@placeholder='Email']
18:13:50 INFO  application.MyListener - The element By.xpath: //input[@placeholder='Email'] was found
18:13:50 INFO  application.MyListener - Start finde element by --> By.xpath: //input[@placeholder='Password']
18:13:50 INFO  application.MyListener - The element By.xpath: //input[@placeholder='Password'] was found
18:13:50 INFO  application.MyListener - Start finde element by --> By.xpath: //input[@placeholder='Password']
18:13:51 INFO  application.MyListener - The element By.xpath: //input[@placeholder='Password'] was found
18:13:51 INFO  TestBase - Login with Email: sonya@gmail.com; Password: Ss12345$;
18:13:51 INFO  application.MyListener - Start finde element by --> By.xpath: //button[text()=' Login']
18:13:51 INFO  application.MyListener - The element By.xpath: //button[text()=' Login'] was found
18:13:51 INFO  application.MyListener - Start finde element by --> By.xpath: //button[.='Sign Out']
18:13:51 INFO  application.MyListener - The element By.xpath: //button[.='Sign Out'] was found
18:13:51 INFO  TestBase - Test passed
18:13:51 INFO  TestBase - End of test loginTestDataProvider
18:13:51 INFO  TestBase - Start test loginTestDataProviderClass
18:13:51 INFO  TestBase - Test start with data: [12345@asd.com, aA1234567$]
18:13:51 INFO  TestBase - =================================================================================
18:13:51 INFO  application.MyListener - Start finde element by --> By.xpath: //button[.='Sign Out']
18:13:51 INFO  application.MyListener - The element By.xpath: //button[.='Sign Out'] was found
18:13:51 INFO  application.MyListener - Start finde element by --> By.xpath: //button[.='Sign Out']
18:13:51 INFO  application.MyListener - The element By.xpath: //button[.='Sign Out'] was found
18:13:51 INFO  application.MyListener - Start finde element by --> By.xpath: //*[.='LOGIN']
18:13:51 INFO  application.MyListener - The element By.xpath: //*[.='LOGIN'] was found
18:13:51 INFO  application.MyListener - Start finde element by --> By.xpath: //input[@placeholder='Email']
18:13:51 INFO  application.MyListener - The element By.xpath: //input[@placeholder='Email'] was found
18:13:51 INFO  application.MyListener - Start finde element by --> By.xpath: //input[@placeholder='Email']
18:13:51 INFO  application.MyListener - The element By.xpath: //input[@placeholder='Email'] was found
18:13:51 INFO  application.MyListener - Start finde element by --> By.xpath: //input[@placeholder='Password']
18:13:51 INFO  application.MyListener - The element By.xpath: //input[@placeholder='Password'] was found
18:13:51 INFO  application.MyListener - Start finde element by --> By.xpath: //input[@placeholder='Password']
18:13:51 INFO  application.MyListener - The element By.xpath: //input[@placeholder='Password'] was found
18:13:52 INFO  TestBase - Login with Email: 12345@asd.com; Password: aA1234567$;
18:13:52 INFO  application.MyListener - Start finde element by --> By.xpath: //button[text()=' Login']
18:13:52 INFO  application.MyListener - The element By.xpath: //button[text()=' Login'] was found
18:13:52 INFO  application.MyListener - Start finde element by --> By.xpath: //button[.='Sign Out']
18:13:52 INFO  application.MyListener - The element By.xpath: //button[.='Sign Out'] was found
18:13:52 INFO  TestBase - Test passed
18:13:52 INFO  TestBase - End of test loginTestDataProviderClass
18:13:52 INFO  TestBase - Start test loginTestDataProviderClass
18:13:52 INFO  TestBase - Test start with data: [noa@gmail.com, Nnoa12345$]
18:13:52 INFO  TestBase - =================================================================================
18:13:52 INFO  application.MyListener - Start finde element by --> By.xpath: //button[.='Sign Out']
18:13:52 INFO  application.MyListener - The element By.xpath: //button[.='Sign Out'] was found
18:13:52 INFO  application.MyListener - Start finde element by --> By.xpath: //button[.='Sign Out']
18:13:52 INFO  application.MyListener - The element By.xpath: //button[.='Sign Out'] was found
18:13:52 INFO  application.MyListener - Start finde element by --> By.xpath: //*[.='LOGIN']
18:13:52 INFO  application.MyListener - The element By.xpath: //*[.='LOGIN'] was found
18:13:52 INFO  application.MyListener - Start finde element by --> By.xpath: //input[@placeholder='Email']
18:13:52 INFO  application.MyListener - The element By.xpath: //input[@placeholder='Email'] was found
18:13:52 INFO  application.MyListener - Start finde element by --> By.xpath: //input[@placeholder='Email']
18:13:52 INFO  application.MyListener - The element By.xpath: //input[@placeholder='Email'] was found
18:13:52 INFO  application.MyListener - Start finde element by --> By.xpath: //input[@placeholder='Password']
18:13:52 INFO  application.MyListener - The element By.xpath: //input[@placeholder='Password'] was found
18:13:52 INFO  application.MyListener - Start finde element by --> By.xpath: //input[@placeholder='Password']
18:13:52 INFO  application.MyListener - The element By.xpath: //input[@placeholder='Password'] was found
18:13:52 INFO  TestBase - Login with Email: noa@gmail.com; Password: Nnoa12345$;
18:13:52 INFO  application.MyListener - Start finde element by --> By.xpath: //button[text()=' Login']
18:13:52 INFO  application.MyListener - The element By.xpath: //button[text()=' Login'] was found
18:13:53 INFO  application.MyListener - Start finde element by --> By.xpath: //button[.='Sign Out']
18:13:53 INFO  application.MyListener - The element By.xpath: //button[.='Sign Out'] was found
18:13:53 INFO  TestBase - Test passed
18:13:53 INFO  TestBase - End of test loginTestDataProviderClass
18:13:53 INFO  TestBase - Start test loginTestDataProviderClass
18:13:53 INFO  TestBase - Test start with data: [sonya@gmail.com, Ss12345$]
18:13:53 INFO  TestBase - =================================================================================
18:13:53 INFO  application.MyListener - Start finde element by --> By.xpath: //button[.='Sign Out']
18:13:53 INFO  application.MyListener - The element By.xpath: //button[.='Sign Out'] was found
18:13:53 INFO  application.MyListener - Start finde element by --> By.xpath: //button[.='Sign Out']
18:13:53 INFO  application.MyListener - The element By.xpath: //button[.='Sign Out'] was found
18:13:53 INFO  application.MyListener - Start finde element by --> By.xpath: //*[.='LOGIN']
18:13:53 INFO  application.MyListener - The element By.xpath: //*[.='LOGIN'] was found
18:13:53 INFO  application.MyListener - Start finde element by --> By.xpath: //input[@placeholder='Email']
18:13:53 INFO  application.MyListener - The element By.xpath: //input[@placeholder='Email'] was found
18:13:53 INFO  application.MyListener - Start finde element by --> By.xpath: //input[@placeholder='Email']
18:13:53 INFO  application.MyListener - The element By.xpath: //input[@placeholder='Email'] was found
18:13:53 INFO  application.MyListener - Start finde element by --> By.xpath: //input[@placeholder='Password']
18:13:53 INFO  application.MyListener - The element By.xpath: //input[@placeholder='Password'] was found
18:13:53 INFO  application.MyListener - Start finde element by --> By.xpath: //input[@placeholder='Password']
18:13:53 INFO  application.MyListener - The element By.xpath: //input[@placeholder='Password'] was found
18:13:53 INFO  TestBase - Login with Email: sonya@gmail.com; Password: Ss12345$;
18:13:53 INFO  application.MyListener - Start finde element by --> By.xpath: //button[text()=' Login']
18:13:53 INFO  application.MyListener - The element By.xpath: //button[text()=' Login'] was found
18:13:53 INFO  application.MyListener - Start finde element by --> By.xpath: //button[.='Sign Out']
18:13:53 INFO  application.MyListener - The element By.xpath: //button[.='Sign Out'] was found
18:13:53 INFO  TestBase - Test passed
18:13:53 INFO  TestBase - End of test loginTestDataProviderClass
18:13:53 INFO  TestBase - Start test loginTestWithWrongPassword
18:13:53 INFO  TestBase - Test start with data: []
18:13:53 INFO  TestBase - =================================================================================
18:13:53 INFO  application.MyListener - Start finde element by --> By.xpath: //button[.='Sign Out']
18:13:53 INFO  application.MyListener - The element By.xpath: //button[.='Sign Out'] was found
18:13:53 INFO  application.MyListener - Start finde element by --> By.xpath: //button[.='Sign Out']
18:13:54 INFO  application.MyListener - The element By.xpath: //button[.='Sign Out'] was found
18:13:54 INFO  application.MyListener - Start finde element by --> By.xpath: //*[.='LOGIN']
18:13:54 INFO  application.MyListener - The element By.xpath: //*[.='LOGIN'] was found
18:13:54 INFO  application.MyListener - Start finde element by --> By.xpath: //input[@placeholder='Email']
18:13:54 INFO  application.MyListener - The element By.xpath: //input[@placeholder='Email'] was found
18:13:54 INFO  application.MyListener - Start finde element by --> By.xpath: //input[@placeholder='Email']
18:13:54 INFO  application.MyListener - The element By.xpath: //input[@placeholder='Email'] was found
18:13:54 INFO  application.MyListener - Start finde element by --> By.xpath: //input[@placeholder='Password']
18:13:54 INFO  application.MyListener - The element By.xpath: //input[@placeholder='Password'] was found
18:13:54 INFO  application.MyListener - Start finde element by --> By.xpath: //input[@placeholder='Password']
18:13:54 INFO  application.MyListener - The element By.xpath: //input[@placeholder='Password'] was found
18:13:54 INFO  TestBase - Login with Email: 12345@asd.com; Password: aA1234567;
18:13:54 INFO  application.MyListener - Start finde element by --> By.xpath: //button[text()=' Login']
18:13:54 INFO  application.MyListener - The element By.xpath: //button[text()=' Login'] was found
18:13:55 INFO  application.MyListener - Start finde element by --> By.xpath: //button[.='Sign Out']
18:13:58 INFO  application.MyListener - The element By.xpath: //button[.='Sign Out'] was found
18:13:58 INFO  TestBase - Test passed
18:13:58 INFO  TestBase - End of test loginTestWithWrongPassword
18:13:58 INFO  TestBase - Start test quickTest
18:13:58 INFO  TestBase - Test start with data: []
18:13:58 INFO  TestBase - =================================================================================
18:13:58 INFO  TestBase - End of test quickTest
18:13:58 INFO  TestBase - Start test removeAllContacts
18:13:58 INFO  TestBase - Test start with data: []
18:13:58 INFO  TestBase - =================================================================================
18:13:58 INFO  application.MyListener - Start finde element by --> By.xpath: //button[.='Sign Out']
18:14:01 INFO  application.MyListener - The element By.xpath: //button[.='Sign Out'] was found
18:14:01 INFO  application.MyListener - Start finde element by --> By.xpath: //*[.='LOGIN']
18:14:01 INFO  application.MyListener - The element By.xpath: //*[.='LOGIN'] was found
18:14:01 INFO  application.MyListener - Start finde element by --> By.xpath: //input[@placeholder='Email']
18:14:01 INFO  application.MyListener - The element By.xpath: //input[@placeholder='Email'] was found
18:14:01 INFO  application.MyListener - Start finde element by --> By.xpath: //input[@placeholder='Email']
18:14:01 INFO  application.MyListener - The element By.xpath: //input[@placeholder='Email'] was found
18:14:01 INFO  application.MyListener - Start finde element by --> By.xpath: //input[@placeholder='Password']
18:14:01 INFO  application.MyListener - The element By.xpath: //input[@placeholder='Password'] was found
18:14:01 INFO  application.MyListener - Start finde element by --> By.xpath: //input[@placeholder='Password']
18:14:01 INFO  application.MyListener - The element By.xpath: //input[@placeholder='Password'] was found
18:14:01 INFO  application.MyListener - Start finde element by --> By.xpath: //button[text()=' Login']
18:14:01 INFO  application.MyListener - The element By.xpath: //button[text()=' Login'] was found
18:14:03 INFO  application.MyListener - Start finde element by --> By.xpath: //*[.=' No Contacts here!']
18:14:06 INFO  application.MyListener - The element By.xpath: //*[.=' No Contacts here!'] was found
18:14:06 INFO  TestBase - List of contacts is empty
18:14:06 INFO  TestBase - End of test removeAllContacts
18:14:06 INFO  TestBase - Start test removeOneContact
18:14:06 INFO  TestBase - Test start with data: []
18:14:06 INFO  TestBase - =================================================================================
18:14:06 INFO  application.MyListener - Start finde element by --> By.xpath: //button[.='Sign Out']
18:14:06 INFO  application.MyListener - The element By.xpath: //button[.='Sign Out'] was found
18:14:06 INFO  application.MyListener - Start finde element by --> By.xpath: //*[.=' No Contacts here!']
18:14:09 INFO  application.MyListener - The element By.xpath: //*[.=' No Contacts here!'] was found
18:14:09 INFO  TestBase - List of contacts is empty
18:14:09 INFO  TestBase - End of test removeOneContact
18:14:09 INFO  TestBase - Start test smokeTest
18:14:09 INFO  TestBase - Test start with data: []
18:14:09 INFO  TestBase - =================================================================================
18:14:09 INFO  TestBase - End of test smokeTest
