20:13:31 INFO  application.ApplicationManager - Start in browser FIREFOX
20:13:33 INFO  TestBase - Start test smokeTest
20:13:33 INFO  TestBase - Test start with data: []
20:13:33 INFO  TestBase - =================================================================================
20:13:33 INFO  TestBase - End of test smokeTest
20:13:33 INFO  TestBase - Start test quickTest
20:13:33 INFO  TestBase - Test start with data: []
20:13:33 INFO  TestBase - =================================================================================
20:13:33 INFO  TestBase - End of test quickTest
20:13:33 INFO  TestBase - Start test LoginTestPositive
20:13:33 INFO  TestBase - Test start with data: []
20:13:33 INFO  TestBase - =================================================================================
20:13:33 INFO  application.MyListener - Start finde element by --> By.xpath: //button[.='Sign Out']
20:13:36 INFO  application.MyListener - The element By.xpath: //button[.='Sign Out'] was found
20:13:36 INFO  application.MyListener - Start finde element by --> By.xpath: //*[.='LOGIN']
20:13:36 INFO  application.MyListener - The element By.xpath: //*[.='LOGIN'] was found
20:13:36 INFO  application.MyListener - Start finde element by --> By.xpath: //input[@placeholder='Email']
20:13:36 INFO  application.MyListener - The element By.xpath: //input[@placeholder='Email'] was found
20:13:36 INFO  application.MyListener - Start finde element by --> By.xpath: //input[@placeholder='Email']
20:13:36 INFO  application.MyListener - The element By.xpath: //input[@placeholder='Email'] was found
20:13:36 INFO  application.MyListener - Start finde element by --> By.xpath: //input[@placeholder='Password']
20:13:36 INFO  application.MyListener - The element By.xpath: //input[@placeholder='Password'] was found
20:13:36 INFO  application.MyListener - Start finde element by --> By.xpath: //input[@placeholder='Password']
20:13:36 INFO  application.MyListener - The element By.xpath: //input[@placeholder='Password'] was found
20:13:37 INFO  application.MyListener - Start finde element by --> By.xpath: //button[text()=' Login']
20:13:37 INFO  application.MyListener - The element By.xpath: //button[text()=' Login'] was found
20:13:37 INFO  application.MyListener - Start finde element by --> By.xpath: //button[text()='Sign Out']
20:13:37 INFO  application.MyListener - The element By.xpath: //button[text()='Sign Out'] was found
20:13:37 INFO  TestBase - Test passed
20:13:37 INFO  TestBase - End of test LoginTestPositive
20:13:37 INFO  TestBase - Start test loginTestDP_CSV
20:13:37 INFO  TestBase - Test start with data: [User{email='12345@asd.com', password='aA1234567$'}]
20:13:37 INFO  TestBase - =================================================================================
20:13:37 INFO  application.MyListener - Start finde element by --> By.xpath: //button[.='Sign Out']
20:13:37 INFO  application.MyListener - The element By.xpath: //button[.='Sign Out'] was found
20:13:37 INFO  application.MyListener - Start finde element by --> By.xpath: //button[.='Sign Out']
20:13:38 INFO  application.MyListener - The element By.xpath: //button[.='Sign Out'] was found
20:13:38 INFO  application.MyListener - Start finde element by --> By.xpath: //*[.='LOGIN']
20:13:38 INFO  application.MyListener - The element By.xpath: //*[.='LOGIN'] was found
20:13:38 INFO  application.MyListener - Start finde element by --> By.xpath: //input[@placeholder='Email']
20:13:38 INFO  application.MyListener - The element By.xpath: //input[@placeholder='Email'] was found
20:13:38 INFO  application.MyListener - Start finde element by --> By.xpath: //input[@placeholder='Email']
20:13:38 INFO  application.MyListener - The element By.xpath: //input[@placeholder='Email'] was found
20:13:38 INFO  application.MyListener - Start finde element by --> By.xpath: //input[@placeholder='Password']
20:13:38 INFO  application.MyListener - The element By.xpath: //input[@placeholder='Password'] was found
20:13:38 INFO  application.MyListener - Start finde element by --> By.xpath: //input[@placeholder='Password']
20:13:38 INFO  application.MyListener - The element By.xpath: //input[@placeholder='Password'] was found
20:13:39 INFO  TestBase - Login with Email: 12345@asd.com; Password: aA1234567$;
20:13:39 INFO  application.MyListener - Start finde element by --> By.xpath: //button[text()=' Login']
20:13:39 INFO  application.MyListener - The element By.xpath: //button[text()=' Login'] was found
20:13:39 INFO  application.MyListener - Start finde element by --> By.xpath: //button[.='Sign Out']
20:13:39 INFO  application.MyListener - The element By.xpath: //button[.='Sign Out'] was found
20:13:39 INFO  TestBase - Test passed
20:13:39 INFO  TestBase - End of test loginTestDP_CSV
20:13:39 INFO  TestBase - Start test loginTestDP_CSV
20:13:39 INFO  TestBase - Test start with data: [User{email='noa@gmail.com', password='Nnoa12345$'}]
20:13:39 INFO  TestBase - =================================================================================
20:13:39 INFO  application.MyListener - Start finde element by --> By.xpath: //button[.='Sign Out']
20:13:39 INFO  application.MyListener - The element By.xpath: //button[.='Sign Out'] was found
20:13:39 INFO  application.MyListener - Start finde element by --> By.xpath: //button[.='Sign Out']
20:13:39 INFO  application.MyListener - The element By.xpath: //button[.='Sign Out'] was found
20:13:39 INFO  application.MyListener - Start finde element by --> By.xpath: //*[.='LOGIN']
20:13:39 INFO  application.MyListener - The element By.xpath: //*[.='LOGIN'] was found
20:13:39 INFO  application.MyListener - Start finde element by --> By.xpath: //input[@placeholder='Email']
20:13:39 INFO  application.MyListener - The element By.xpath: //input[@placeholder='Email'] was found
20:13:39 INFO  application.MyListener - Start finde element by --> By.xpath: //input[@placeholder='Email']
20:13:39 INFO  application.MyListener - The element By.xpath: //input[@placeholder='Email'] was found
20:13:40 INFO  application.MyListener - Start finde element by --> By.xpath: //input[@placeholder='Password']
20:13:40 INFO  application.MyListener - The element By.xpath: //input[@placeholder='Password'] was found
20:13:40 INFO  application.MyListener - Start finde element by --> By.xpath: //input[@placeholder='Password']
20:13:40 INFO  application.MyListener - The element By.xpath: //input[@placeholder='Password'] was found
20:13:40 INFO  TestBase - Login with Email: noa@gmail.com; Password: Nnoa12345$;
20:13:40 INFO  application.MyListener - Start finde element by --> By.xpath: //button[text()=' Login']
20:13:40 INFO  application.MyListener - The element By.xpath: //button[text()=' Login'] was found
20:13:40 INFO  application.MyListener - Start finde element by --> By.xpath: //button[.='Sign Out']
20:13:40 INFO  application.MyListener - The element By.xpath: //button[.='Sign Out'] was found
20:13:40 INFO  TestBase - Test passed
20:13:40 INFO  TestBase - End of test loginTestDP_CSV
20:13:40 INFO  TestBase - Start test loginTestDP_CSV
20:13:40 INFO  TestBase - Test start with data: [User{email='sonya@gmail.com', password='Ss12345$'}]
20:13:40 INFO  TestBase - =================================================================================
20:13:40 INFO  application.MyListener - Start finde element by --> By.xpath: //button[.='Sign Out']
20:13:40 INFO  application.MyListener - The element By.xpath: //button[.='Sign Out'] was found
20:13:40 INFO  application.MyListener - Start finde element by --> By.xpath: //button[.='Sign Out']
20:13:40 INFO  application.MyListener - The element By.xpath: //button[.='Sign Out'] was found
20:13:40 INFO  application.MyListener - Start finde element by --> By.xpath: //*[.='LOGIN']
20:13:40 INFO  application.MyListener - The element By.xpath: //*[.='LOGIN'] was found
20:13:41 INFO  application.MyListener - Start finde element by --> By.xpath: //input[@placeholder='Email']
20:13:41 INFO  application.MyListener - The element By.xpath: //input[@placeholder='Email'] was found
20:13:41 INFO  application.MyListener - Start finde element by --> By.xpath: //input[@placeholder='Email']
20:13:41 INFO  application.MyListener - The element By.xpath: //input[@placeholder='Email'] was found
20:13:41 INFO  application.MyListener - Start finde element by --> By.xpath: //input[@placeholder='Password']
20:13:41 INFO  application.MyListener - The element By.xpath: //input[@placeholder='Password'] was found
20:13:41 INFO  application.MyListener - Start finde element by --> By.xpath: //input[@placeholder='Password']
20:13:41 INFO  application.MyListener - The element By.xpath: //input[@placeholder='Password'] was found
20:13:41 INFO  TestBase - Login with Email: sonya@gmail.com; Password: Ss12345$;
20:13:41 INFO  application.MyListener - Start finde element by --> By.xpath: //button[text()=' Login']
20:13:41 INFO  application.MyListener - The element By.xpath: //button[text()=' Login'] was found
20:13:42 INFO  application.MyListener - Start finde element by --> By.xpath: //button[.='Sign Out']
20:13:42 INFO  application.MyListener - The element By.xpath: //button[.='Sign Out'] was found
20:13:42 INFO  TestBase - Test passed
20:13:42 INFO  TestBase - End of test loginTestDP_CSV
20:13:42 INFO  TestBase - Start test loginTestDataProvider
20:13:42 INFO  TestBase - Test start with data: [12345@asd.com, aA1234567$]
20:13:42 INFO  TestBase - =================================================================================
20:13:42 INFO  application.MyListener - Start finde element by --> By.xpath: //button[.='Sign Out']
20:13:42 INFO  application.MyListener - The element By.xpath: //button[.='Sign Out'] was found
20:13:42 INFO  application.MyListener - Start finde element by --> By.xpath: //button[.='Sign Out']
20:13:42 INFO  application.MyListener - The element By.xpath: //button[.='Sign Out'] was found
20:13:42 INFO  application.MyListener - Start finde element by --> By.xpath: //*[.='LOGIN']
20:13:42 INFO  application.MyListener - The element By.xpath: //*[.='LOGIN'] was found
20:13:42 INFO  application.MyListener - Start finde element by --> By.xpath: //input[@placeholder='Email']
20:13:42 INFO  application.MyListener - The element By.xpath: //input[@placeholder='Email'] was found
20:13:42 INFO  application.MyListener - Start finde element by --> By.xpath: //input[@placeholder='Email']
20:13:42 INFO  application.MyListener - The element By.xpath: //input[@placeholder='Email'] was found
20:13:42 INFO  application.MyListener - Start finde element by --> By.xpath: //input[@placeholder='Password']
20:13:42 INFO  application.MyListener - The element By.xpath: //input[@placeholder='Password'] was found
20:13:42 INFO  application.MyListener - Start finde element by --> By.xpath: //input[@placeholder='Password']
20:13:42 INFO  application.MyListener - The element By.xpath: //input[@placeholder='Password'] was found
20:13:43 INFO  TestBase - Login with Email: 12345@asd.com; Password: aA1234567$;
20:13:43 INFO  application.MyListener - Start finde element by --> By.xpath: //button[text()=' Login']
20:13:43 INFO  application.MyListener - The element By.xpath: //button[text()=' Login'] was found
20:13:43 INFO  application.MyListener - Start finde element by --> By.xpath: //button[.='Sign Out']
20:13:43 INFO  application.MyListener - The element By.xpath: //button[.='Sign Out'] was found
20:13:43 INFO  TestBase - Test passed
20:13:43 INFO  TestBase - End of test loginTestDataProvider
20:13:43 INFO  TestBase - Start test loginTestDataProvider
20:13:43 INFO  TestBase - Test start with data: [noa@gmail.com, Nnoa12345$]
20:13:43 INFO  TestBase - =================================================================================
20:13:43 INFO  application.MyListener - Start finde element by --> By.xpath: //button[.='Sign Out']
20:13:43 INFO  application.MyListener - The element By.xpath: //button[.='Sign Out'] was found
20:13:43 INFO  application.MyListener - Start finde element by --> By.xpath: //button[.='Sign Out']
20:13:43 INFO  application.MyListener - The element By.xpath: //button[.='Sign Out'] was found
20:13:43 INFO  application.MyListener - Start finde element by --> By.xpath: //*[.='LOGIN']
20:13:43 INFO  application.MyListener - The element By.xpath: //*[.='LOGIN'] was found
20:13:43 INFO  application.MyListener - Start finde element by --> By.xpath: //input[@placeholder='Email']
20:13:43 INFO  application.MyListener - The element By.xpath: //input[@placeholder='Email'] was found
20:13:43 INFO  application.MyListener - Start finde element by --> By.xpath: //input[@placeholder='Email']
20:13:44 INFO  application.MyListener - The element By.xpath: //input[@placeholder='Email'] was found
20:13:44 INFO  application.MyListener - Start finde element by --> By.xpath: //input[@placeholder='Password']
20:13:44 INFO  application.MyListener - The element By.xpath: //input[@placeholder='Password'] was found
20:13:44 INFO  application.MyListener - Start finde element by --> By.xpath: //input[@placeholder='Password']
20:13:44 INFO  application.MyListener - The element By.xpath: //input[@placeholder='Password'] was found
20:13:44 INFO  TestBase - Login with Email: noa@gmail.com; Password: Nnoa12345$;
20:13:44 INFO  application.MyListener - Start finde element by --> By.xpath: //button[text()=' Login']
20:13:44 INFO  application.MyListener - The element By.xpath: //button[text()=' Login'] was found
20:13:44 INFO  application.MyListener - Start finde element by --> By.xpath: //button[.='Sign Out']
20:13:44 INFO  application.MyListener - The element By.xpath: //button[.='Sign Out'] was found
20:13:44 INFO  TestBase - Test passed
20:13:44 INFO  TestBase - End of test loginTestDataProvider
20:13:44 INFO  TestBase - Start test loginTestDataProvider
20:13:44 INFO  TestBase - Test start with data: [sonya@gmail.com, Ss12345$]
20:13:44 INFO  TestBase - =================================================================================
20:13:44 INFO  application.MyListener - Start finde element by --> By.xpath: //button[.='Sign Out']
20:13:44 INFO  application.MyListener - The element By.xpath: //button[.='Sign Out'] was found
20:13:44 INFO  application.MyListener - Start finde element by --> By.xpath: //button[.='Sign Out']
20:13:44 INFO  application.MyListener - The element By.xpath: //button[.='Sign Out'] was found
20:13:45 INFO  application.MyListener - Start finde element by --> By.xpath: //*[.='LOGIN']
20:13:45 INFO  application.MyListener - The element By.xpath: //*[.='LOGIN'] was found
20:13:45 INFO  application.MyListener - Start finde element by --> By.xpath: //input[@placeholder='Email']
20:13:45 INFO  application.MyListener - The element By.xpath: //input[@placeholder='Email'] was found
20:13:45 INFO  application.MyListener - Start finde element by --> By.xpath: //input[@placeholder='Email']
20:13:45 INFO  application.MyListener - The element By.xpath: //input[@placeholder='Email'] was found
20:13:45 INFO  application.MyListener - Start finde element by --> By.xpath: //input[@placeholder='Password']
20:13:45 INFO  application.MyListener - The element By.xpath: //input[@placeholder='Password'] was found
20:13:45 INFO  application.MyListener - Start finde element by --> By.xpath: //input[@placeholder='Password']
20:13:45 INFO  application.MyListener - The element By.xpath: //input[@placeholder='Password'] was found
20:13:45 INFO  TestBase - Login with Email: sonya@gmail.com; Password: Ss12345$;
20:13:45 INFO  application.MyListener - Start finde element by --> By.xpath: //button[text()=' Login']
20:13:45 INFO  application.MyListener - The element By.xpath: //button[text()=' Login'] was found
20:13:46 INFO  application.MyListener - Start finde element by --> By.xpath: //button[.='Sign Out']
20:13:46 INFO  application.MyListener - The element By.xpath: //button[.='Sign Out'] was found
20:13:46 INFO  TestBase - Test passed
20:13:46 INFO  TestBase - End of test loginTestDataProvider
20:13:46 INFO  TestBase - Start test loginTestDataProviderClass
20:13:46 INFO  TestBase - Test start with data: [12345@asd.com, aA1234567$]
20:13:46 INFO  TestBase - =================================================================================
20:13:46 INFO  application.MyListener - Start finde element by --> By.xpath: //button[.='Sign Out']
20:13:46 INFO  application.MyListener - The element By.xpath: //button[.='Sign Out'] was found
20:13:46 INFO  application.MyListener - Start finde element by --> By.xpath: //button[.='Sign Out']
20:13:46 INFO  application.MyListener - The element By.xpath: //button[.='Sign Out'] was found
20:13:46 INFO  application.MyListener - Start finde element by --> By.xpath: //*[.='LOGIN']
20:13:46 INFO  application.MyListener - The element By.xpath: //*[.='LOGIN'] was found
20:13:46 INFO  application.MyListener - Start finde element by --> By.xpath: //input[@placeholder='Email']
20:13:46 INFO  application.MyListener - The element By.xpath: //input[@placeholder='Email'] was found
20:13:46 INFO  application.MyListener - Start finde element by --> By.xpath: //input[@placeholder='Email']
20:13:46 INFO  application.MyListener - The element By.xpath: //input[@placeholder='Email'] was found
20:13:47 INFO  application.MyListener - Start finde element by --> By.xpath: //input[@placeholder='Password']
20:13:47 INFO  application.MyListener - The element By.xpath: //input[@placeholder='Password'] was found
20:13:47 INFO  application.MyListener - Start finde element by --> By.xpath: //input[@placeholder='Password']
20:13:47 INFO  application.MyListener - The element By.xpath: //input[@placeholder='Password'] was found
20:13:47 INFO  TestBase - Login with Email: 12345@asd.com; Password: aA1234567$;
20:13:47 INFO  application.MyListener - Start finde element by --> By.xpath: //button[text()=' Login']
20:13:47 INFO  application.MyListener - The element By.xpath: //button[text()=' Login'] was found
20:13:47 INFO  application.MyListener - Start finde element by --> By.xpath: //button[.='Sign Out']
20:13:47 INFO  application.MyListener - The element By.xpath: //button[.='Sign Out'] was found
20:13:47 INFO  TestBase - Test passed
20:13:47 INFO  TestBase - End of test loginTestDataProviderClass
20:13:47 INFO  TestBase - Start test loginTestDataProviderClass
20:13:47 INFO  TestBase - Test start with data: [noa@gmail.com, Nnoa12345$]
20:13:47 INFO  TestBase - =================================================================================
20:13:47 INFO  application.MyListener - Start finde element by --> By.xpath: //button[.='Sign Out']
20:13:47 INFO  application.MyListener - The element By.xpath: //button[.='Sign Out'] was found
20:13:47 INFO  application.MyListener - Start finde element by --> By.xpath: //button[.='Sign Out']
20:13:47 INFO  application.MyListener - The element By.xpath: //button[.='Sign Out'] was found
20:13:47 INFO  application.MyListener - Start finde element by --> By.xpath: //*[.='LOGIN']
20:13:47 INFO  application.MyListener - The element By.xpath: //*[.='LOGIN'] was found
20:13:48 INFO  application.MyListener - Start finde element by --> By.xpath: //input[@placeholder='Email']
20:13:48 INFO  application.MyListener - The element By.xpath: //input[@placeholder='Email'] was found
20:13:48 INFO  application.MyListener - Start finde element by --> By.xpath: //input[@placeholder='Email']
20:13:48 INFO  application.MyListener - The element By.xpath: //input[@placeholder='Email'] was found
20:13:48 INFO  application.MyListener - Start finde element by --> By.xpath: //input[@placeholder='Password']
20:13:48 INFO  application.MyListener - The element By.xpath: //input[@placeholder='Password'] was found
20:13:48 INFO  application.MyListener - Start finde element by --> By.xpath: //input[@placeholder='Password']
20:13:48 INFO  application.MyListener - The element By.xpath: //input[@placeholder='Password'] was found
20:13:48 INFO  TestBase - Login with Email: noa@gmail.com; Password: Nnoa12345$;
20:13:48 INFO  application.MyListener - Start finde element by --> By.xpath: //button[text()=' Login']
20:13:48 INFO  application.MyListener - The element By.xpath: //button[text()=' Login'] was found
20:13:48 INFO  application.MyListener - Start finde element by --> By.xpath: //button[.='Sign Out']
20:13:48 INFO  application.MyListener - The element By.xpath: //button[.='Sign Out'] was found
20:13:48 INFO  TestBase - Test passed
20:13:48 INFO  TestBase - End of test loginTestDataProviderClass
20:13:48 INFO  TestBase - Start test loginTestDataProviderClass
20:13:48 INFO  TestBase - Test start with data: [sonya@gmail.com, Ss12345$]
20:13:48 INFO  TestBase - =================================================================================
20:13:48 INFO  application.MyListener - Start finde element by --> By.xpath: //button[.='Sign Out']
20:13:48 INFO  application.MyListener - The element By.xpath: //button[.='Sign Out'] was found
20:13:49 INFO  application.MyListener - Start finde element by --> By.xpath: //button[.='Sign Out']
20:13:49 INFO  application.MyListener - The element By.xpath: //button[.='Sign Out'] was found
20:13:49 INFO  application.MyListener - Start finde element by --> By.xpath: //*[.='LOGIN']
20:13:49 INFO  application.MyListener - The element By.xpath: //*[.='LOGIN'] was found
20:13:49 INFO  application.MyListener - Start finde element by --> By.xpath: //input[@placeholder='Email']
20:13:49 INFO  application.MyListener - The element By.xpath: //input[@placeholder='Email'] was found
20:13:49 INFO  application.MyListener - Start finde element by --> By.xpath: //input[@placeholder='Email']
20:13:49 INFO  application.MyListener - The element By.xpath: //input[@placeholder='Email'] was found
20:13:49 INFO  application.MyListener - Start finde element by --> By.xpath: //input[@placeholder='Password']
20:13:49 INFO  application.MyListener - The element By.xpath: //input[@placeholder='Password'] was found
20:13:49 INFO  application.MyListener - Start finde element by --> By.xpath: //input[@placeholder='Password']
20:13:49 INFO  application.MyListener - The element By.xpath: //input[@placeholder='Password'] was found
20:13:50 INFO  TestBase - Login with Email: sonya@gmail.com; Password: Ss12345$;
20:13:50 INFO  application.MyListener - Start finde element by --> By.xpath: //button[text()=' Login']
20:13:50 INFO  application.MyListener - The element By.xpath: //button[text()=' Login'] was found
20:13:50 INFO  application.MyListener - Start finde element by --> By.xpath: //button[.='Sign Out']
20:13:50 INFO  application.MyListener - The element By.xpath: //button[.='Sign Out'] was found
20:13:50 INFO  TestBase - Test passed
20:13:50 INFO  TestBase - End of test loginTestDataProviderClass
20:13:50 INFO  TestBase - Start test loginTestWithWrongPassword
20:13:50 INFO  TestBase - Test start with data: []
20:13:50 INFO  TestBase - =================================================================================
20:13:50 INFO  application.MyListener - Start finde element by --> By.xpath: //button[.='Sign Out']
20:13:50 INFO  application.MyListener - The element By.xpath: //button[.='Sign Out'] was found
20:13:50 INFO  application.MyListener - Start finde element by --> By.xpath: //button[.='Sign Out']
20:13:50 INFO  application.MyListener - The element By.xpath: //button[.='Sign Out'] was found
20:13:50 INFO  application.MyListener - Start finde element by --> By.xpath: //*[.='LOGIN']
20:13:50 INFO  application.MyListener - The element By.xpath: //*[.='LOGIN'] was found
20:13:50 INFO  application.MyListener - Start finde element by --> By.xpath: //input[@placeholder='Email']
20:13:50 INFO  application.MyListener - The element By.xpath: //input[@placeholder='Email'] was found
20:13:50 INFO  application.MyListener - Start finde element by --> By.xpath: //input[@placeholder='Email']
20:13:50 INFO  application.MyListener - The element By.xpath: //input[@placeholder='Email'] was found
20:13:51 INFO  application.MyListener - Start finde element by --> By.xpath: //input[@placeholder='Password']
20:13:51 INFO  application.MyListener - The element By.xpath: //input[@placeholder='Password'] was found
20:13:51 INFO  application.MyListener - Start finde element by --> By.xpath: //input[@placeholder='Password']
20:13:51 INFO  application.MyListener - The element By.xpath: //input[@placeholder='Password'] was found
20:13:51 INFO  TestBase - Login with Email: 12345@asd.com; Password: aA1234567;
20:13:51 INFO  application.MyListener - Start finde element by --> By.xpath: //button[text()=' Login']
20:13:51 INFO  application.MyListener - The element By.xpath: //button[text()=' Login'] was found
20:13:51 INFO  application.MyListener - Start finde element by --> By.xpath: //button[.='Sign Out']
20:13:54 INFO  application.MyListener - The element By.xpath: //button[.='Sign Out'] was found
20:13:54 INFO  TestBase - Test passed
20:13:54 INFO  TestBase - End of test loginTestWithWrongPassword
