19:26:45 INFO  application.ApplicationManager - Start in browser CHROME
19:26:46 INFO  TestBase - Start test addContactTestBase
19:26:46 INFO  application.MyListener - Start finde element by --> By.xpath: //a[.='ADD']
19:26:49 INFO  application.MyListener - Screen--> src/test/screenshots/screen-1609.png
19:26:49 INFO  application.MyListener - no such element: Unable to locate element: {"method":"xpath","selector":"//a[.='ADD']"}
  (Session info: chrome=92.0.4515.131)
For documentation on this error, please visit: https://www.seleniumhq.org/exceptions/no_such_element.html
Build info: version: '3.141.59', revision: 'e82be7d358', time: '2018-11-14T08:17:03'
System info: host: 'LAPTOP-A9FORBB3', ip: '10.0.0.27', os.name: 'Windows 10', os.arch: 'amd64', os.version: '10.0', java.version: '11.0.12'
Driver info: org.openqa.selenium.chrome.ChromeDriver
Capabilities {acceptInsecureCerts: false, browserName: chrome, browserVersion: 92.0.4515.131, chrome: {chromedriverVersion: 91.0.4472.101 (af52a90bf870..., userDataDir: C:\Users\fridm\AppData\Loca...}, goog:chromeOptions: {debuggerAddress: localhost:52215}, javascriptEnabled: true, networkConnectionEnabled: false, pageLoadStrategy: normal, platform: WINDOWS, platformName: WINDOWS, proxy: Proxy(), setWindowRect: true, strictFileInteractability: false, timeouts: {implicit: 0, pageLoad: 300000, script: 30000}, unhandledPromptBehavior: dismiss and notify, webauthn:extension:largeBlob: true, webauthn:virtualAuthenticators: true}
Session ID: 6734e6b5ce78c75f2e8209b05fb549c7
*** Element info: {Using=xpath, value=//a[.='ADD']}
19:26:49 INFO  application.MyListener - Start finde element by --> By.xpath: //button[.='Sign Out']
19:26:52 INFO  application.MyListener - The element By.xpath: //button[.='Sign Out'] was found
19:26:52 INFO  application.MyListener - Start finde element by --> By.xpath: //*[.='LOGIN']
19:26:52 INFO  application.MyListener - The element By.xpath: //*[.='LOGIN'] was found
19:26:53 INFO  application.MyListener - Start finde element by --> By.xpath: //input[@placeholder='Email']
19:26:53 INFO  application.MyListener - The element By.xpath: //input[@placeholder='Email'] was found
19:26:53 INFO  application.MyListener - Start finde element by --> By.xpath: //input[@placeholder='Email']
19:26:53 INFO  application.MyListener - The element By.xpath: //input[@placeholder='Email'] was found
19:26:53 INFO  application.MyListener - Start finde element by --> By.xpath: //input[@placeholder='Password']
19:26:53 INFO  application.MyListener - The element By.xpath: //input[@placeholder='Password'] was found
19:26:53 INFO  application.MyListener - Start finde element by --> By.xpath: //input[@placeholder='Password']
19:26:53 INFO  application.MyListener - The element By.xpath: //input[@placeholder='Password'] was found
19:26:53 INFO  application.MyListener - Start finde element by --> By.xpath: //button[text()=' Login']
19:26:53 INFO  application.MyListener - The element By.xpath: //button[text()=' Login'] was found
19:26:54 INFO  TestBase - End of test addContactTestBase
